Server: DB Connecting..
Connecting...
DB Conncted.
Server: Success DB Connect
Server: Socket Connecting...
Sat May 25 09:51:31 UTC 2019 Server: Accept 118.216.115.231 8514
[FROM Client] TIME:Sat May 25 09:51:45 UTC 2019 TALKER:  MESSAGE: {"id":"c1234","pw":"03ac674216f3e15c761ee1a5e255f067953623c8b388b4459e13f978d7c846f4"} FUNC: 7 NUMBER: 0
[memberRegisterID] Assertion Success.
id: c1234 pwd: 03ac674216f3e15c761ee1a5e255f067953623c8b388b4459e13f978d7c846f4
Elapsed Time: 0.025s
[FROM Client] TIME:Sat May 25 09:51:49 UTC 2019 TALKER: nicks MESSAGE:  FUNC: 10 NUMBER: 0
{"func":0,"id":"c1234","nickname":"nicks","histories":[{"number":"m1xb0","content":"가나다 라마바사 가나다 라마바사 가나다 라마바사 알고리즘 문제 해결 전략 알고리즘 문제 해결 전략 서버가 너무 느리다 서버가 너무 느리다 소고 소고 소고 로봇이 아니야 아니 ","date":"Sat May 25 09:28:28 UTC 2019","members":"c1234 test1234 "},{"number":"w9l23","content":"가사 운영체제 소프트 순하고 향기로운 섬유향수 자료구조 알고리즘 문제 해결 전략 알고리즘 문제 해결 전략 ","date":"Sat May 25 09:22:50 UTC 2019","members":"c1234 "}],"talkWithMe":"test1234 ","contributionData":[60.4,67.9,50.0]}
Elapsed Time: 0.021s
[FROM Client] TIME:Sat May 25 09:51:53 UTC 2019 TALKER: nicks MESSAGE: m1xb0 FUNC: 12 NUMBER: 0
[REQUEST_RESULT] : m1xb0
{"wordFrequency":{"전략":2},"fiveKeyWord":{"전략":2},"contrib":{"test1234":0.5385,"c1234":0.4615},"cont":[{"room":"m1xb0","time":"Sat May 25 09:28:40 UTC 2019","msg":"가나다 라마바사","id":"test1234"},{"room":"m1xb0","time":"Sat May 25 09:28:52 UTC 2019","msg":"가나다 라마바사","id":"test1234"},{"room":"m1xb0","time":"Sat May 25 09:28:52 UTC 2019","msg":"가나다 라마바사","id":"c1234"},{"room":"m1xb0","time":"Sat May 25 09:29:04 UTC 2019","msg":"알고리즘 문제 해결 전략","id":"test1234"},{"room":"m1xb0","time":"Sat May 25 09:29:04 UTC 2019","msg":"알고리즘 문제 해결 전략","id":"c1234"},{"room":"m1xb0","time":"Sat May 25 09:29:17 UTC 2019","msg":"서버가 너무 느리다","id":"c1234"},{"room":"m1xb0","time":"Sat May 25 09:29:17 UTC 2019","msg":"서버가 너무 느리다","id":"test1234"},{"room":"m1xb0","time":"Sat May 25 09:29:29 UTC 2019","msg":"소고 소고 소고","id":"test1234"},{"room":"m1xb0","time":"Sat May 25 09:29:41 UTC 2019","msg":"로봇이 아니야","id":"c1234"},{"room":"m1xb0","time":"Sat May 25 09:29:41 UTC 2019","msg":"아니","id":"test1234"}],"markData":"0000000000"}
Elapsed Time: 0.013s
[FROM Client] TIME:Sat May 25 09:52:00 UTC 2019 TALKER: nicks MESSAGE: w9l23 FUNC: 12 NUMBER: 0
[REQUEST_RESULT] : w9l23
{"wordFrequency":{"체제":1,"향기":1,"구조":1,"자료":1,"운영":1,"전략":2},"fiveKeyWord":{"구조":1,"체제":1,"자료":1,"운영":1,"전략":2},"contrib":{"c1234":1.0},"cont":[{"room":"w9l23","time":"Sat May 25 09:22:57 UTC 2019","msg":"가사","id":"c1234"},{"room":"w9l23","time":"Sat May 25 09:23:00 UTC 2019","msg":"운영체제","id":"c1234"},{"room":"w9l23","time":"Sat May 25 09:23:05 UTC 2019","msg":"소프트","id":"c1234"},{"room":"w9l23","time":"Sat May 25 09:23:12 UTC 2019","msg":"순하고 향기로운 섬유향수","id":"c1234"},{"room":"w9l23","time":"Sat May 25 09:23:17 UTC 2019","msg":"자료구조","id":"c1234"},{"room":"w9l23","time":"Sat May 25 09:23:29 UTC 2019","msg":"알고리즘 문제 해결 전략","id":"c1234"},{"room":"w9l23","time":"Sat May 25 09:23:41 UTC 2019","msg":"알고리즘 문제 해결 전략","id":"c1234"}],"markData":"0000000"}
Elapsed Time: 0.008s
[FROM Client] TIME:Sat May 25 09:52:22 UTC 2019 TALKER: nicks MESSAGE: 회의 제목을 뭘로 해야 되나? FUNC: 1 NUMBER: 0
Elapsed Time: 0.002s
[FROM Client] TIME:Sat May 25 09:52:22 UTC 2019 TALKER: nicks MESSAGE:  FUNC: 11 NUMBER: xcadw
Elapsed Time: 0.001s
[FROM Client] TIME:Sat May 25 09:52:34 UTC 2019 TALKER: nicks MESSAGE:  FUNC: 5 NUMBER: xcadw
[REQUEST EXIT] 
[REQUEST EXIT] RECEIVER LIST: 
[REQUEST EXIT] APPLY MY INFO
[REQUEST EXIT] ROOM EMPTY!!
Elapsed Time: 0.003s
[FROM Client] TIME:Sat May 25 09:52:35 UTC 2019 TALKER: nicks MESSAGE: xcadw FUNC: 12 NUMBER: 
[REQUEST_RESULT] : xcadw
{"wordFrequency":{},"fiveKeyWord":{},"contrib":{"c1234":1.0},"cont":[],"markData":""}
Elapsed Time: 0.002s
Sat May 25 09:57:46 UTC 2019 Server: Accept 175.116.179.198 58579
java.net.SocketException: Connection reset
	at java.net.SocketInputStream.read(SocketInputStream.java:210)
	at java.net.SocketInputStream.read(SocketInputStream.java:141)
	at sun.nio.cs.StreamDecoder.readBytes(StreamDecoder.java:284)
	at sun.nio.cs.StreamDecoder.implRead(StreamDecoder.java:326)
	at sun.nio.cs.StreamDecoder.read(StreamDecoder.java:178)
	at java.io.InputStreamReader.read(InputStreamReader.java:184)
	at java.io.BufferedReader.fill(BufferedReader.java:161)
	at java.io.BufferedReader.readLine(BufferedReader.java:324)
	at java.io.BufferedReader.readLine(BufferedReader.java:389)
	at TCPServer$ServerHandler.run(TCPServer.java:177)
Socket Close
Sat May 25 10:14:57 UTC 2019 Server: Accept 118.216.115.231 8757
Sat May 25 10:14:58 UTC 2019 Server: Accept 118.216.115.231 8763
[FROM Client] TIME:Sat May 25 10:15:08 UTC 2019 TALKER:  MESSAGE: {"id":"c1234","pw":"03ac674216f3e15c761ee1a5e255f067953623c8b388b4459e13f978d7c846f4"} FUNC: 7 NUMBER: 0
[memberRegisterID] Assertion Success.
id: c1234 pwd: 03ac674216f3e15c761ee1a5e255f067953623c8b388b4459e13f978d7c846f4
Elapsed Time: 0.003s
[FROM Client] TIME:Sat May 25 10:15:10 UTC 2019 TALKER: nicks MESSAGE:  FUNC: 10 NUMBER: 0
{"func":0,"id":"c1234","nickname":"nicks","histories":[{"number":"m1xb0","content":"가나다 라마바사 가나다 라마바사 가나다 라마바사 알고리즘 문제 해결 전략 알고리즘 문제 해결 전략 서버가 너무 느리다 서버가 너무 느리다 소고 소고 소고 로봇이 아니야 아니 ","date":"Sat May 25 09:28:28 UTC 2019","members":"c1234 test1234 "},{"number":"w9l23","content":"가사 운영체제 소프트 순하고 향기로운 섬유향수 자료구조 알고리즘 문제 해결 전략 알고리즘 문제 해결 전략 ","date":"Sat May 25 09:22:50 UTC 2019","members":"c1234 "},{"number":"xcadw","content":"","date":"Sat May 25 09:52:34 UTC 2019","members":"c1234 "}],"talkWithMe":"test1234 ","contributionData":[64.5,77.3,50.0]}
Elapsed Time: 0.014s
[FROM Client] TIME:Sat May 25 10:15:27 UTC 2019 TALKER: nicks MESSAGE: 19-05-25 회의입니다. FUNC: 1 NUMBER: 0
Elapsed Time: 0.014s
[FROM Client] TIME:Sat May 25 10:15:28 UTC 2019 TALKER: nicks MESSAGE:  FUNC: 11 NUMBER: 25928
Elapsed Time: 0.0s
[FROM Client] TIME:Sat May 25 10:15:31 UTC 2019 TALKER: nicks MESSAGE:  FUNC: 5 NUMBER: 25928
[REQUEST EXIT] 
[REQUEST EXIT] RECEIVER LIST: 
[REQUEST EXIT] APPLY MY INFO
[REQUEST EXIT] ROOM EMPTY!!
Elapsed Time: 0.009s
[FROM Client] TIME:Sat May 25 10:15:42 UTC 2019 TALKER: nicks MESSAGE:  FUNC: 10 NUMBER: 
{"func":0,"id":"c1234","nickname":"nicks","histories":[{"number":"25928","content":"","date":"Sat May 25 10:15:31 UTC 2019","members":"c1234 "},{"number":"m1xb0","content":"가나다 라마바사 가나다 라마바사 가나다 라마바사 알고리즘 문제 해결 전략 알고리즘 문제 해결 전략 서버가 너무 느리다 서버가 너무 느리다 소고 소고 소고 로봇이 아니야 아니 ","date":"Sat May 25 09:28:28 UTC 2019","members":"c1234 test1234 "},{"number":"w9l23","content":"가사 운영체제 소프트 순하고 향기로운 섬유향수 자료구조 알고리즘 문제 해결 전략 알고리즘 문제 해결 전략 ","date":"Sat May 25 09:22:50 UTC 2019","members":"c1234 "},{"number":"xcadw","content":"","date":"Sat May 25 09:52:34 UTC 2019","members":"c1234 "}],"talkWithMe":"test1234 ","contributionData":[66.6,82.39999999999999,50.0]}
Elapsed Time: 0.021s
Sat May 25 10:15:45 UTC 2019 Server: Accept 118.216.115.231 8794
Sat May 25 10:15:50 UTC 2019 Server: Accept 118.216.115.231 8814
Sat May 25 10:15:50 UTC 2019 Server: Accept 118.216.115.231 8819
[FROM Client] TIME:Sat May 25 10:15:56 UTC 2019 TALKER:  MESSAGE: {"id":"c1234","pw":"03ac674216f3e15c761ee1a5e255f067953623c8b388b4459e13f978d7c846f4"} FUNC: 7 NUMBER: 0
[memberRegisterID] Assertion Success.
id: c1234 pwd: 03ac674216f3e15c761ee1a5e255f067953623c8b388b4459e13f978d7c846f4
Elapsed Time: 0.01s
[FROM Client] TIME:Sat May 25 10:15:57 UTC 2019 TALKER: nicks MESSAGE:  FUNC: 10 NUMBER: 0
{"func":0,"id":"c1234","nickname":"nicks","histories":[{"number":"25928","content":"","date":"Sat May 25 10:15:31 UTC 2019","members":"c1234 "},{"number":"m1xb0","content":"가나다 라마바사 가나다 라마바사 가나다 라마바사 알고리즘 문제 해결 전략 알고리즘 문제 해결 전략 서버가 너무 느리다 서버가 너무 느리다 소고 소고 소고 로봇이 아니야 아니 ","date":"Sat May 25 09:28:28 UTC 2019","members":"c1234 test1234 "},{"number":"w9l23","content":"가사 운영체제 소프트 순하고 향기로운 섬유향수 자료구조 알고리즘 문제 해결 전략 알고리즘 문제 해결 전략 ","date":"Sat May 25 09:22:50 UTC 2019","members":"c1234 "},{"number":"xcadw","content":"","date":"Sat May 25 09:52:34 UTC 2019","members":"c1234 "}],"talkWithMe":"test1234 ","contributionData":[66.6,82.39999999999999,50.0]}
Elapsed Time: 0.999s
[FROM Client] TIME:Sat May 25 10:16:07 UTC 2019 TALKER: nicks MESSAGE: m1xb0 FUNC: 12 NUMBER: 0
[REQUEST_RESULT] : m1xb0
{"wordFrequency":{"전략":2},"fiveKeyWord":{"전략":2},"contrib":{"test1234":0.5385,"c1234":0.4615},"cont":[{"room":"m1xb0","time":"Sat May 25 09:28:40 UTC 2019","msg":"가나다 라마바사","id":"test1234"},{"room":"m1xb0","time":"Sat May 25 09:28:52 UTC 2019","msg":"가나다 라마바사","id":"test1234"},{"room":"m1xb0","time":"Sat May 25 09:28:52 UTC 2019","msg":"가나다 라마바사","id":"c1234"},{"room":"m1xb0","time":"Sat May 25 09:29:04 UTC 2019","msg":"알고리즘 문제 해결 전략","id":"test1234"},{"room":"m1xb0","time":"Sat May 25 09:29:04 UTC 2019","msg":"알고리즘 문제 해결 전략","id":"c1234"},{"room":"m1xb0","time":"Sat May 25 09:29:17 UTC 2019","msg":"서버가 너무 느리다","id":"c1234"},{"room":"m1xb0","time":"Sat May 25 09:29:17 UTC 2019","msg":"서버가 너무 느리다","id":"test1234"},{"room":"m1xb0","time":"Sat May 25 09:29:29 UTC 2019","msg":"소고 소고 소고","id":"test1234"},{"room":"m1xb0","time":"Sat May 25 09:29:41 UTC 2019","msg":"로봇이 아니야","id":"c1234"},{"room":"m1xb0","time":"Sat May 25 09:29:41 UTC 2019","msg":"아니","id":"test1234"}],"markData":"0000000000"}
Elapsed Time: 0.013s
[FROM Client] TIME:Sat May 25 10:16:11 UTC 2019 TALKER: nicks MESSAGE: m1xb0 FUNC: 12 NUMBER: 0
[REQUEST_RESULT] : m1xb0
{"wordFrequency":{"전략":2},"fiveKeyWord":{"전략":2},"contrib":{"test1234":0.5385,"c1234":0.4615},"cont":[{"room":"m1xb0","time":"Sat May 25 09:28:40 UTC 2019","msg":"가나다 라마바사","id":"test1234"},{"room":"m1xb0","time":"Sat May 25 09:28:52 UTC 2019","msg":"가나다 라마바사","id":"test1234"},{"room":"m1xb0","time":"Sat May 25 09:28:52 UTC 2019","msg":"가나다 라마바사","id":"c1234"},{"room":"m1xb0","time":"Sat May 25 09:29:04 UTC 2019","msg":"알고리즘 문제 해결 전략","id":"test1234"},{"room":"m1xb0","time":"Sat May 25 09:29:04 UTC 2019","msg":"알고리즘 문제 해결 전략","id":"c1234"},{"room":"m1xb0","time":"Sat May 25 09:29:17 UTC 2019","msg":"서버가 너무 느리다","id":"c1234"},{"room":"m1xb0","time":"Sat May 25 09:29:17 UTC 2019","msg":"서버가 너무 느리다","id":"test1234"},{"room":"m1xb0","time":"Sat May 25 09:29:29 UTC 2019","msg":"소고 소고 소고","id":"test1234"},{"room":"m1xb0","time":"Sat May 25 09:29:41 UTC 2019","msg":"로봇이 아니야","id":"c1234"},{"room":"m1xb0","time":"Sat May 25 09:29:41 UTC 2019","msg":"아니","id":"test1234"}],"markData":"0000000000"}
Elapsed Time: 0.003s
Server: DB Connecting..
Connecting...
DB Conncted.
Server: Success DB Connect
Server: Socket Connecting...
Sat May 25 13:35:17 UTC 2019 Server: Accept 118.216.115.231 14144
Sat May 25 13:35:17 UTC 2019 Server: Accept 118.216.115.231 14151
[FROM Client] TIME:Sat May 25 13:35:23 UTC 2019 TALKER:  MESSAGE: {"id":"c1234","pw":"03ac674216f3e15c761ee1a5e255f067953623c8b388b4459e13f978d7c846f4"} FUNC: 7 NUMBER: 0
[memberRegisterID] Assertion Success.
id: c1234 pwd: 03ac674216f3e15c761ee1a5e255f067953623c8b388b4459e13f978d7c846f4
Elapsed Time: 0.025s
[FROM Client] TIME:Sat May 25 13:35:26 UTC 2019 TALKER: nicks MESSAGE:  FUNC: 10 NUMBER: 0
{"func":0,"id":"c1234","nickname":"nicks","histories":[{"number":"23fdw","content":"해커스토익 해커스토익 스피킹 스피킹 가나다 라바 가나다 라바 알고리즘 문제 해결 전략 알고리즘 문제 해결 전략 알고리즘 트레이닝 알고리즘 트레이닝 강도가 잘되나 강도가 잘되나 코스만 코스만 나갑니다 나갑니다 ","date":"Sat May 25 12:35:00 UTC 2019","members":"c1234 chan ","title":"19-05-25 머로 할까"},{"number":"hj3h6","content":"가나다 라마바사 현재시간 현지시간 이상하게 나온다 키보드 키몰 키워드 키보드 키보드 가나다 라마바사 짝수만 선택했다 ","date":"Sat May 25 12:22:22 UTC 2019","members":"c1234 ","title":"19-05-25 회의제목을 멀로하지"}],"talkWithMe":"chan ","contributionData":[58.6,72.5,50.0]}
Elapsed Time: 0.027s
[FROM Client] TIME:Sat May 25 13:35:29 UTC 2019 TALKER: nicks MESSAGE: 23fdw FUNC: 12 NUMBER: 0
[REQUEST_RESULT] : 23fdw
{"wordFrequency":{"해":2,"전략":2,"코스":2,"강도":2,"트레이닝":2,"토익":2},"fiveKeyWord":{"전략":2,"코스":2,"강도":2,"트레이닝":2,"토익":2},"contrib":{"chan":0.4737,"c1234":0.5263},"cont":[{"room":"23fdw","time":"Sat May 25 12:35:15 UTC 2019","msg":"해커스토익","id":"chan"},{"room":"23fdw","time":"Sat May 25 12:35:15 UTC 2019","msg":"해커스토익","id":"c1234"},{"room":"23fdw","time":"Sat May 25 12:35:19 UTC 2019","msg":"스피킹","id":"c1234"},{"room":"23fdw","time":"Sat May 25 12:35:19 UTC 2019","msg":"스피킹","id":"chan"},{"room":"23fdw","time":"Sat May 25 12:35:24 UTC 2019","msg":"가나다 라바","id":"chan"},{"room":"23fdw","time":"Sat May 25 12:35:24 UTC 2019","msg":"가나다 라바","id":"c1234"},{"room":"23fdw","time":"Sat May 25 12:35:30 UTC 2019","msg":"알고리즘 문제 해결 전략","id":"c1234"},{"room":"23fdw","time":"Sat May 25 12:35:30 UTC 2019","msg":"알고리즘 문제 해결 전략","id":"chan"},{"room":"23fdw","time":"Sat May 25 12:35:35 UTC 2019","msg":"알고리즘 트레이닝","id":"c1234"},{"room":"23fdw","time":"Sat May 25 12:35:35 UTC 2019","msg":"알고리즘 트레이닝","id":"chan"},{"room":"23fdw","time":"Sat May 25 12:35:40 UTC 2019","msg":"강도가 잘되나","id":"c1234"},{"room":"23fdw","time":"Sat May 25 12:35:40 UTC 2019","msg":"강도가 잘되나","id":"chan"},{"room":"23fdw","time":"Sat May 25 12:36:00 UTC 2019","msg":"코스만","id":"chan"},{"room":"23fdw","time":"Sat May 25 12:36:00 UTC 2019","msg":"코스만","id":"c1234"},{"room":"23fdw","time":"Sat May 25 12:36:07 UTC 2019","msg":"나갑니다","id":"chan"},{"room":"23fdw","time":"Sat May 25 12:36:07 UTC 2019","msg":"나갑니다","id":"c1234"}],"markData":"0000000000000000"}
Elapsed Time: 0.027s
Sat May 25 13:37:17 UTC 2019 Server: Accept 118.216.115.231 14228
Sat May 25 13:37:17 UTC 2019 Server: Accept 118.216.115.231 14235
[FROM Client] TIME:Sat May 25 13:37:26 UTC 2019 TALKER:  MESSAGE: {"id":"c1234","pw":"03ac674216f3e15c761ee1a5e255f067953623c8b388b4459e13f978d7c846f4"} FUNC: 7 NUMBER: 0
[memberRegisterID] Assertion Success.
id: c1234 pwd: 03ac674216f3e15c761ee1a5e255f067953623c8b388b4459e13f978d7c846f4
Elapsed Time: 0.039s
[FROM Client] TIME:Sat May 25 13:37:37 UTC 2019 TALKER: nicks MESSAGE:  FUNC: 10 NUMBER: 0
{"func":0,"id":"c1234","nickname":"nicks","histories":[{"number":"23fdw","content":"해커스토익 해커스토익 스피킹 스피킹 가나다 라바 가나다 라바 알고리즘 문제 해결 전략 알고리즘 문제 해결 전략 알고리즘 트레이닝 알고리즘 트레이닝 강도가 잘되나 강도가 잘되나 코스만 코스만 나갑니다 나갑니다 ","date":"Sat May 25 12:35:00 UTC 2019","members":"c1234 chan ","title":"19-05-25 머로 할까"},{"number":"hj3h6","content":"가나다 라마바사 현재시간 현지시간 이상하게 나온다 키보드 키몰 키워드 키보드 키보드 가나다 라마바사 짝수만 선택했다 ","date":"Sat May 25 12:22:22 UTC 2019","members":"c1234 ","title":"19-05-25 회의제목을 멀로하지"}],"talkWithMe":"chan ","contributionData":[58.6,72.5,50.0]}
Elapsed Time: 0.41s
[FROM Client] TIME:Sat May 25 13:37:46 UTC 2019 TALKER: nicks MESSAGE: 23fdw FUNC: 12 NUMBER: 0
[REQUEST_RESULT] : 23fdw
{"wordFrequency":{"해":2,"전략":2,"코스":2,"강도":2,"트레이닝":2,"토익":2},"fiveKeyWord":{"전략":2,"코스":2,"강도":2,"트레이닝":2,"토익":2},"contrib":{"chan":0.4737,"c1234":0.5263},"cont":[{"room":"23fdw","time":"Sat May 25 12:35:15 UTC 2019","msg":"해커스토익","id":"chan"},{"room":"23fdw","time":"Sat May 25 12:35:15 UTC 2019","msg":"해커스토익","id":"c1234"},{"room":"23fdw","time":"Sat May 25 12:35:19 UTC 2019","msg":"스피킹","id":"c1234"},{"room":"23fdw","time":"Sat May 25 12:35:19 UTC 2019","msg":"스피킹","id":"chan"},{"room":"23fdw","time":"Sat May 25 12:35:24 UTC 2019","msg":"가나다 라바","id":"chan"},{"room":"23fdw","time":"Sat May 25 12:35:24 UTC 2019","msg":"가나다 라바","id":"c1234"},{"room":"23fdw","time":"Sat May 25 12:35:30 UTC 2019","msg":"알고리즘 문제 해결 전략","id":"c1234"},{"room":"23fdw","time":"Sat May 25 12:35:30 UTC 2019","msg":"알고리즘 문제 해결 전략","id":"chan"},{"room":"23fdw","time":"Sat May 25 12:35:35 UTC 2019","msg":"알고리즘 트레이닝","id":"c1234"},{"room":"23fdw","time":"Sat May 25 12:35:35 UTC 2019","msg":"알고리즘 트레이닝","id":"chan"},{"room":"23fdw","time":"Sat May 25 12:35:40 UTC 2019","msg":"강도가 잘되나","id":"c1234"},{"room":"23fdw","time":"Sat May 25 12:35:40 UTC 2019","msg":"강도가 잘되나","id":"chan"},{"room":"23fdw","time":"Sat May 25 12:36:00 UTC 2019","msg":"코스만","id":"chan"},{"room":"23fdw","time":"Sat May 25 12:36:00 UTC 2019","msg":"코스만","id":"c1234"},{"room":"23fdw","time":"Sat May 25 12:36:07 UTC 2019","msg":"나갑니다","id":"chan"},{"room":"23fdw","time":"Sat May 25 12:36:07 UTC 2019","msg":"나갑니다","id":"c1234"}],"markData":"0000000000000000"}
Elapsed Time: 0.247s
Sat May 25 13:41:05 UTC 2019 Server: Accept 118.216.115.231 14306
Sat May 25 13:41:05 UTC 2019 Server: Accept 118.216.115.231 14313
[FROM Client] TIME:Sat May 25 13:41:06 UTC 2019 TALKER:  MESSAGE: {"id":"c1234","pw":"03ac674216f3e15c761ee1a5e255f067953623c8b388b4459e13f978d7c846f4"} FUNC: 7 NUMBER: 0
[memberRegisterID] Assertion Success.
id: c1234 pwd: 03ac674216f3e15c761ee1a5e255f067953623c8b388b4459e13f978d7c846f4
Elapsed Time: 0.046s
[FROM Client] TIME:Sat May 25 13:41:15 UTC 2019 TALKER: nicks MESSAGE:  FUNC: 10 NUMBER: 0
{"func":0,"id":"c1234","nickname":"nicks","histories":[{"number":"23fdw","content":"해커스토익 해커스토익 스피킹 스피킹 가나다 라바 가나다 라바 알고리즘 문제 해결 전략 알고리즘 문제 해결 전략 알고리즘 트레이닝 알고리즘 트레이닝 강도가 잘되나 강도가 잘되나 코스만 코스만 나갑니다 나갑니다 ","date":"Sat May 25 12:35:00 UTC 2019","members":"c1234 chan ","title":"19-05-25 머로 할까"},{"number":"hj3h6","content":"가나다 라마바사 현재시간 현지시간 이상하게 나온다 키보드 키몰 키워드 키보드 키보드 가나다 라마바사 짝수만 선택했다 ","date":"Sat May 25 12:22:22 UTC 2019","members":"c1234 ","title":"19-05-25 회의제목을 멀로하지"}],"talkWithMe":"chan ","contributionData":[58.6,72.5,50.0]}
Elapsed Time: 0.529s
[FROM Client] TIME:Sat May 25 13:41:24 UTC 2019 TALKER: nicks MESSAGE: 23fdw FUNC: 12 NUMBER: 0
[REQUEST_RESULT] : 23fdw
{"wordFrequency":{"해":2,"전략":2,"코스":2,"강도":2,"트레이닝":2,"토익":2},"fiveKeyWord":{"전략":2,"코스":2,"강도":2,"트레이닝":2,"토익":2},"contrib":{"chan":0.4737,"c1234":0.5263},"cont":[{"room":"23fdw","time":"Sat May 25 12:35:15 UTC 2019","msg":"해커스토익","id":"chan"},{"room":"23fdw","time":"Sat May 25 12:35:15 UTC 2019","msg":"해커스토익","id":"c1234"},{"room":"23fdw","time":"Sat May 25 12:35:19 UTC 2019","msg":"스피킹","id":"c1234"},{"room":"23fdw","time":"Sat May 25 12:35:19 UTC 2019","msg":"스피킹","id":"chan"},{"room":"23fdw","time":"Sat May 25 12:35:24 UTC 2019","msg":"가나다 라바","id":"chan"},{"room":"23fdw","time":"Sat May 25 12:35:24 UTC 2019","msg":"가나다 라바","id":"c1234"},{"room":"23fdw","time":"Sat May 25 12:35:30 UTC 2019","msg":"알고리즘 문제 해결 전략","id":"c1234"},{"room":"23fdw","time":"Sat May 25 12:35:30 UTC 2019","msg":"알고리즘 문제 해결 전략","id":"chan"},{"room":"23fdw","time":"Sat May 25 12:35:35 UTC 2019","msg":"알고리즘 트레이닝","id":"c1234"},{"room":"23fdw","time":"Sat May 25 12:35:35 UTC 2019","msg":"알고리즘 트레이닝","id":"chan"},{"room":"23fdw","time":"Sat May 25 12:35:40 UTC 2019","msg":"강도가 잘되나","id":"c1234"},{"room":"23fdw","time":"Sat May 25 12:35:40 UTC 2019","msg":"강도가 잘되나","id":"chan"},{"room":"23fdw","time":"Sat May 25 12:36:00 UTC 2019","msg":"코스만","id":"chan"},{"room":"23fdw","time":"Sat May 25 12:36:00 UTC 2019","msg":"코스만","id":"c1234"},{"room":"23fdw","time":"Sat May 25 12:36:07 UTC 2019","msg":"나갑니다","id":"chan"},{"room":"23fdw","time":"Sat May 25 12:36:07 UTC 2019","msg":"나갑니다","id":"c1234"}],"markData":"0000000000000000"}
Elapsed Time: 0.079s
[FROM Client] TIME:Sat May 25 13:41:52 UTC 2019 TALKER: nicks MESSAGE: 23fdw FUNC: 12 NUMBER: 0
[REQUEST_RESULT] : 23fdw
{"wordFrequency":{"해":2,"전략":2,"코스":2,"강도":2,"트레이닝":2,"토익":2},"fiveKeyWord":{"전략":2,"코스":2,"강도":2,"트레이닝":2,"토익":2},"contrib":{"chan":0.4737,"c1234":0.5263},"cont":[{"room":"23fdw","time":"Sat May 25 12:35:15 UTC 2019","msg":"해커스토익","id":"chan"},{"room":"23fdw","time":"Sat May 25 12:35:15 UTC 2019","msg":"해커스토익","id":"c1234"},{"room":"23fdw","time":"Sat May 25 12:35:19 UTC 2019","msg":"스피킹","id":"c1234"},{"room":"23fdw","time":"Sat May 25 12:35:19 UTC 2019","msg":"스피킹","id":"chan"},{"room":"23fdw","time":"Sat May 25 12:35:24 UTC 2019","msg":"가나다 라바","id":"chan"},{"room":"23fdw","time":"Sat May 25 12:35:24 UTC 2019","msg":"가나다 라바","id":"c1234"},{"room":"23fdw","time":"Sat May 25 12:35:30 UTC 2019","msg":"알고리즘 문제 해결 전략","id":"c1234"},{"room":"23fdw","time":"Sat May 25 12:35:30 UTC 2019","msg":"알고리즘 문제 해결 전략","id":"chan"},{"room":"23fdw","time":"Sat May 25 12:35:35 UTC 2019","msg":"알고리즘 트레이닝","id":"c1234"},{"room":"23fdw","time":"Sat May 25 12:35:35 UTC 2019","msg":"알고리즘 트레이닝","id":"chan"},{"room":"23fdw","time":"Sat May 25 12:35:40 UTC 2019","msg":"강도가 잘되나","id":"c1234"},{"room":"23fdw","time":"Sat May 25 12:35:40 UTC 2019","msg":"강도가 잘되나","id":"chan"},{"room":"23fdw","time":"Sat May 25 12:36:00 UTC 2019","msg":"코스만","id":"chan"},{"room":"23fdw","time":"Sat May 25 12:36:00 UTC 2019","msg":"코스만","id":"c1234"},{"room":"23fdw","time":"Sat May 25 12:36:07 UTC 2019","msg":"나갑니다","id":"chan"},{"room":"23fdw","time":"Sat May 25 12:36:07 UTC 2019","msg":"나갑니다","id":"c1234"}],"markData":"0000000000000000"}
Elapsed Time: 0.369s
[FROM Client] TIME:Sat May 25 13:43:15 UTC 2019 TALKER: nicks MESSAGE: 23fdw FUNC: 12 NUMBER: 0
[REQUEST_RESULT] : 23fdw
{"wordFrequency":{"해":2,"전략":2,"코스":2,"강도":2,"트레이닝":2,"토익":2},"fiveKeyWord":{"전략":2,"코스":2,"강도":2,"트레이닝":2,"토익":2},"contrib":{"chan":0.4737,"c1234":0.5263},"cont":[{"room":"23fdw","time":"Sat May 25 12:35:15 UTC 2019","msg":"해커스토익","id":"chan"},{"room":"23fdw","time":"Sat May 25 12:35:15 UTC 2019","msg":"해커스토익","id":"c1234"},{"room":"23fdw","time":"Sat May 25 12:35:19 UTC 2019","msg":"스피킹","id":"c1234"},{"room":"23fdw","time":"Sat May 25 12:35:19 UTC 2019","msg":"스피킹","id":"chan"},{"room":"23fdw","time":"Sat May 25 12:35:24 UTC 2019","msg":"가나다 라바","id":"chan"},{"room":"23fdw","time":"Sat May 25 12:35:24 UTC 2019","msg":"가나다 라바","id":"c1234"},{"room":"23fdw","time":"Sat May 25 12:35:30 UTC 2019","msg":"알고리즘 문제 해결 전략","id":"c1234"},{"room":"23fdw","time":"Sat May 25 12:35:30 UTC 2019","msg":"알고리즘 문제 해결 전략","id":"chan"},{"room":"23fdw","time":"Sat May 25 12:35:35 UTC 2019","msg":"알고리즘 트레이닝","id":"c1234"},{"room":"23fdw","time":"Sat May 25 12:35:35 UTC 2019","msg":"알고리즘 트레이닝","id":"chan"},{"room":"23fdw","time":"Sat May 25 12:35:40 UTC 2019","msg":"강도가 잘되나","id":"c1234"},{"room":"23fdw","time":"Sat May 25 12:35:40 UTC 2019","msg":"강도가 잘되나","id":"chan"},{"room":"23fdw","time":"Sat May 25 12:36:00 UTC 2019","msg":"코스만","id":"chan"},{"room":"23fdw","time":"Sat May 25 12:36:00 UTC 2019","msg":"코스만","id":"c1234"},{"room":"23fdw","time":"Sat May 25 12:36:07 UTC 2019","msg":"나갑니다","id":"chan"},{"room":"23fdw","time":"Sat May 25 12:36:07 UTC 2019","msg":"나갑니다","id":"c1234"}],"markData":"0000000000000000"}
Elapsed Time: 0.041s
Sat May 25 13:45:52 UTC 2019 Server: Accept 118.216.115.231 14435
Sat May 25 13:45:52 UTC 2019 Server: Accept 118.216.115.231 14443
Sat May 25 13:45:52 UTC 2019 Server: Accept 118.216.115.231 14461
[FROM Client] TIME:Sat May 25 13:46:01 UTC 2019 TALKER:  MESSAGE: {"id":"c1234","pw":"03ac674216f3e15c761ee1a5e255f067953623c8b388b4459e13f978d7c846f4"} FUNC: 7 NUMBER: 0
[memberRegisterID] Assertion Success.
id: c1234 pwd: 03ac674216f3e15c761ee1a5e255f067953623c8b388b4459e13f978d7c846f4
Elapsed Time: 0.001s
[FROM Client] TIME:Sat May 25 13:46:11 UTC 2019 TALKER: nicks MESSAGE:  FUNC: 10 NUMBER: 0
{"func":0,"id":"c1234","nickname":"nicks","histories":[{"number":"23fdw","content":"해커스토익 해커스토익 스피킹 스피킹 가나다 라바 가나다 라바 알고리즘 문제 해결 전략 알고리즘 문제 해결 전략 알고리즘 트레이닝 알고리즘 트레이닝 강도가 잘되나 강도가 잘되나 코스만 코스만 나갑니다 나갑니다 ","date":"Sat May 25 12:35:00 UTC 2019","members":"c1234 chan ","title":"19-05-25 머로 할까"},{"number":"hj3h6","content":"가나다 라마바사 현재시간 현지시간 이상하게 나온다 키보드 키몰 키워드 키보드 키보드 가나다 라마바사 짝수만 선택했다 ","date":"Sat May 25 12:22:22 UTC 2019","members":"c1234 ","title":"19-05-25 회의제목을 멀로하지"}],"talkWithMe":"chan ","contributionData":[58.6,72.5,50.0]}
Elapsed Time: 0.696s
[FROM Client] TIME:Sat May 25 13:46:20 UTC 2019 TALKER: nicks MESSAGE: 23fdw FUNC: 12 NUMBER: 0
[REQUEST_RESULT] : 23fdw
{"wordFrequency":{"해":2,"전략":2,"코스":2,"강도":2,"트레이닝":2,"토익":2},"fiveKeyWord":{"전략":2,"코스":2,"강도":2,"트레이닝":2,"토익":2},"contrib":{"chan":0.4737,"c1234":0.5263},"cont":[{"room":"23fdw","time":"Sat May 25 12:35:15 UTC 2019","msg":"해커스토익","id":"chan"},{"room":"23fdw","time":"Sat May 25 12:35:15 UTC 2019","msg":"해커스토익","id":"c1234"},{"room":"23fdw","time":"Sat May 25 12:35:19 UTC 2019","msg":"스피킹","id":"c1234"},{"room":"23fdw","time":"Sat May 25 12:35:19 UTC 2019","msg":"스피킹","id":"chan"},{"room":"23fdw","time":"Sat May 25 12:35:24 UTC 2019","msg":"가나다 라바","id":"chan"},{"room":"23fdw","time":"Sat May 25 12:35:24 UTC 2019","msg":"가나다 라바","id":"c1234"},{"room":"23fdw","time":"Sat May 25 12:35:30 UTC 2019","msg":"알고리즘 문제 해결 전략","id":"c1234"},{"room":"23fdw","time":"Sat May 25 12:35:30 UTC 2019","msg":"알고리즘 문제 해결 전략","id":"chan"},{"room":"23fdw","time":"Sat May 25 12:35:35 UTC 2019","msg":"알고리즘 트레이닝","id":"c1234"},{"room":"23fdw","time":"Sat May 25 12:35:35 UTC 2019","msg":"알고리즘 트레이닝","id":"chan"},{"room":"23fdw","time":"Sat May 25 12:35:40 UTC 2019","msg":"강도가 잘되나","id":"c1234"},{"room":"23fdw","time":"Sat May 25 12:35:40 UTC 2019","msg":"강도가 잘되나","id":"chan"},{"room":"23fdw","time":"Sat May 25 12:36:00 UTC 2019","msg":"코스만","id":"chan"},{"room":"23fdw","time":"Sat May 25 12:36:00 UTC 2019","msg":"코스만","id":"c1234"},{"room":"23fdw","time":"Sat May 25 12:36:07 UTC 2019","msg":"나갑니다","id":"chan"},{"room":"23fdw","time":"Sat May 25 12:36:07 UTC 2019","msg":"나갑니다","id":"c1234"}],"markData":"0000000000000000"}
Elapsed Time: 0.082s
Sat May 25 14:00:12 UTC 2019 Server: Accept 118.216.115.231 14578
Sat May 25 14:00:40 UTC 2019 Server: Accept 118.216.115.231 14619
Sat May 25 14:00:40 UTC 2019 Server: Accept 118.216.115.231 14626
Sat May 25 14:00:40 UTC 2019 Server: Accept 118.216.115.231 14630
[FROM Client] TIME:Sat May 25 14:00:41 UTC 2019 TALKER:  MESSAGE: {"id":"c1234","pw":"03ac674216f3e15c761ee1a5e255f067953623c8b388b4459e13f978d7c846f4"} FUNC: 7 NUMBER: 0
[memberRegisterID] Assertion Success.
id: c1234 pwd: 03ac674216f3e15c761ee1a5e255f067953623c8b388b4459e13f978d7c846f4
Elapsed Time: 0.001s
[FROM Client] TIME:Sat May 25 14:00:42 UTC 2019 TALKER: nicks MESSAGE:  FUNC: 10 NUMBER: 0
{"func":0,"id":"c1234","nickname":"nicks","histories":[{"number":"23fdw","content":"해커스토익 해커스토익 스피킹 스피킹 가나다 라바 가나다 라바 알고리즘 문제 해결 전략 알고리즘 문제 해결 전략 알고리즘 트레이닝 알고리즘 트레이닝 강도가 잘되나 강도가 잘되나 코스만 코스만 나갑니다 나갑니다 ","date":"Sat May 25 12:35:00 UTC 2019","members":"c1234 chan ","title":"19-05-25 머로 할까"},{"number":"hj3h6","content":"가나다 라마바사 현재시간 현지시간 이상하게 나온다 키보드 키몰 키워드 키보드 키보드 가나다 라마바사 짝수만 선택했다 ","date":"Sat May 25 12:22:22 UTC 2019","members":"c1234 ","title":"19-05-25 회의제목을 멀로하지"}],"talkWithMe":"chan ","contributionData":[58.6,72.5,50.0]}
Elapsed Time: 8.496s
[FROM Client] TIME:Sat May 25 14:00:59 UTC 2019 TALKER: nicks MESSAGE: 23fdw FUNC: 12 NUMBER: 0
[REQUEST_RESULT] : 23fdw
{"wordFrequency":{"해":2,"전략":2,"코스":2,"강도":2,"트레이닝":2,"토익":2},"fiveKeyWord":{"전략":2,"코스":2,"강도":2,"트레이닝":2,"토익":2},"contrib":{"chan":0.4737,"c1234":0.5263},"cont":[{"room":"23fdw","time":"Sat May 25 12:35:15 UTC 2019","msg":"해커스토익","id":"chan"},{"room":"23fdw","time":"Sat May 25 12:35:15 UTC 2019","msg":"해커스토익","id":"c1234"},{"room":"23fdw","time":"Sat May 25 12:35:19 UTC 2019","msg":"스피킹","id":"c1234"},{"room":"23fdw","time":"Sat May 25 12:35:19 UTC 2019","msg":"스피킹","id":"chan"},{"room":"23fdw","time":"Sat May 25 12:35:24 UTC 2019","msg":"가나다 라바","id":"chan"},{"room":"23fdw","time":"Sat May 25 12:35:24 UTC 2019","msg":"가나다 라바","id":"c1234"},{"room":"23fdw","time":"Sat May 25 12:35:30 UTC 2019","msg":"알고리즘 문제 해결 전략","id":"c1234"},{"room":"23fdw","time":"Sat May 25 12:35:30 UTC 2019","msg":"알고리즘 문제 해결 전략","id":"chan"},{"room":"23fdw","time":"Sat May 25 12:35:35 UTC 2019","msg":"알고리즘 트레이닝","id":"c1234"},{"room":"23fdw","time":"Sat May 25 12:35:35 UTC 2019","msg":"알고리즘 트레이닝","id":"chan"},{"room":"23fdw","time":"Sat May 25 12:35:40 UTC 2019","msg":"강도가 잘되나","id":"c1234"},{"room":"23fdw","time":"Sat May 25 12:35:40 UTC 2019","msg":"강도가 잘되나","id":"chan"},{"room":"23fdw","time":"Sat May 25 12:36:00 UTC 2019","msg":"코스만","id":"chan"},{"room":"23fdw","time":"Sat May 25 12:36:00 UTC 2019","msg":"코스만","id":"c1234"},{"room":"23fdw","time":"Sat May 25 12:36:07 UTC 2019","msg":"나갑니다","id":"chan"},{"room":"23fdw","time":"Sat May 25 12:36:07 UTC 2019","msg":"나갑니다","id":"c1234"}],"markData":"0000000000000000"}
Elapsed Time: 0.533s
Sat May 25 14:01:18 UTC 2019 Server: Accept 118.216.115.231 14649
Sat May 25 14:03:46 UTC 2019 Server: Accept 118.216.115.231 14964
Sat May 25 14:04:05 UTC 2019 Server: Accept 118.216.115.231 1042
[FROM Client] TIME:Sat May 25 14:04:13 UTC 2019 TALKER:  MESSAGE: {"id":"c1234","pw":"03ac674216f3e15c761ee1a5e255f067953623c8b388b4459e13f978d7c846f4"} FUNC: 7 NUMBER: 0
[memberRegisterID] Assertion Success.
id: c1234 pwd: 03ac674216f3e15c761ee1a5e255f067953623c8b388b4459e13f978d7c846f4
Elapsed Time: 0.163s
[FROM Client] TIME:Sat May 25 14:04:22 UTC 2019 TALKER: nicks MESSAGE:  FUNC: 10 NUMBER: 0
{"func":0,"id":"c1234","nickname":"nicks","histories":[{"number":"23fdw","content":"해커스토익 해커스토익 스피킹 스피킹 가나다 라바 가나다 라바 알고리즘 문제 해결 전략 알고리즘 문제 해결 전략 알고리즘 트레이닝 알고리즘 트레이닝 강도가 잘되나 강도가 잘되나 코스만 코스만 나갑니다 나갑니다 ","date":"Sat May 25 12:35:00 UTC 2019","members":"c1234 chan ","title":"19-05-25 머로 할까"},{"number":"hj3h6","content":"가나다 라마바사 현재시간 현지시간 이상하게 나온다 키보드 키몰 키워드 키보드 키보드 가나다 라마바사 짝수만 선택했다 ","date":"Sat May 25 12:22:22 UTC 2019","members":"c1234 ","title":"19-05-25 회의제목을 멀로하지"}],"talkWithMe":"chan ","contributionData":[58.6,72.5,50.0]}
Elapsed Time: 0.816s
[FROM Client] TIME:Sat May 25 14:04:32 UTC 2019 TALKER: nicks MESSAGE:  FUNC: 10 NUMBER: 0
{"func":0,"id":"c1234","nickname":"nicks","histories":[{"number":"23fdw","content":"해커스토익 해커스토익 스피킹 스피킹 가나다 라바 가나다 라바 알고리즘 문제 해결 전략 알고리즘 문제 해결 전략 알고리즘 트레이닝 알고리즘 트레이닝 강도가 잘되나 강도가 잘되나 코스만 코스만 나갑니다 나갑니다 ","date":"Sat May 25 12:35:00 UTC 2019","members":"c1234 chan ","title":"19-05-25 머로 할까"},{"number":"hj3h6","content":"가나다 라마바사 현재시간 현지시간 이상하게 나온다 키보드 키몰 키워드 키보드 키보드 가나다 라마바사 짝수만 선택했다 ","date":"Sat May 25 12:22:22 UTC 2019","members":"c1234 ","title":"19-05-25 회의제목을 멀로하지"}],"talkWithMe":"chan ","contributionData":[58.6,72.5,50.0]}
Elapsed Time: 9.512s
[FROM Client] TIME:Sat May 25 14:04:50 UTC 2019 TALKER: nicks MESSAGE: 23fdw FUNC: 12 NUMBER: 0
[REQUEST_RESULT] : 23fdw
{"wordFrequency":{"해":2,"전략":2,"코스":2,"강도":2,"트레이닝":2,"토익":2},"fiveKeyWord":{"전략":2,"코스":2,"강도":2,"트레이닝":2,"토익":2},"contrib":{"chan":0.4737,"c1234":0.5263},"cont":[{"room":"23fdw","time":"Sat May 25 12:35:15 UTC 2019","msg":"해커스토익","id":"chan"},{"room":"23fdw","time":"Sat May 25 12:35:15 UTC 2019","msg":"해커스토익","id":"c1234"},{"room":"23fdw","time":"Sat May 25 12:35:19 UTC 2019","msg":"스피킹","id":"c1234"},{"room":"23fdw","time":"Sat May 25 12:35:19 UTC 2019","msg":"스피킹","id":"chan"},{"room":"23fdw","time":"Sat May 25 12:35:24 UTC 2019","msg":"가나다 라바","id":"chan"},{"room":"23fdw","time":"Sat May 25 12:35:24 UTC 2019","msg":"가나다 라바","id":"c1234"},{"room":"23fdw","time":"Sat May 25 12:35:30 UTC 2019","msg":"알고리즘 문제 해결 전략","id":"c1234"},{"room":"23fdw","time":"Sat May 25 12:35:30 UTC 2019","msg":"알고리즘 문제 해결 전략","id":"chan"},{"room":"23fdw","time":"Sat May 25 12:35:35 UTC 2019","msg":"알고리즘 트레이닝","id":"c1234"},{"room":"23fdw","time":"Sat May 25 12:35:35 UTC 2019","msg":"알고리즘 트레이닝","id":"chan"},{"room":"23fdw","time":"Sat May 25 12:35:40 UTC 2019","msg":"강도가 잘되나","id":"c1234"},{"room":"23fdw","time":"Sat May 25 12:35:40 UTC 2019","msg":"강도가 잘되나","id":"chan"},{"room":"23fdw","time":"Sat May 25 12:36:00 UTC 2019","msg":"코스만","id":"chan"},{"room":"23fdw","time":"Sat May 25 12:36:00 UTC 2019","msg":"코스만","id":"c1234"},{"room":"23fdw","time":"Sat May 25 12:36:07 UTC 2019","msg":"나갑니다","id":"chan"},{"room":"23fdw","time":"Sat May 25 12:36:07 UTC 2019","msg":"나갑니다","id":"c1234"}],"markData":"0000000000000000"}
Elapsed Time: 0.783s
Sat May 25 14:07:47 UTC 2019 Server: Accept 118.216.115.231 1123
Sat May 25 14:07:48 UTC 2019 Server: Accept 118.216.115.231 1129
[FROM Client] TIME:Sat May 25 14:07:57 UTC 2019 TALKER:  MESSAGE: {"id":"c1234","pw":"03ac674216f3e15c761ee1a5e255f067953623c8b388b4459e13f978d7c846f4"} FUNC: 7 NUMBER: 0
[memberRegisterID] Assertion Success.
id: c1234 pwd: 03ac674216f3e15c761ee1a5e255f067953623c8b388b4459e13f978d7c846f4
Elapsed Time: 0.001s
[FROM Client] TIME:Sat May 25 14:08:06 UTC 2019 TALKER: nicks MESSAGE:  FUNC: 10 NUMBER: 0
{"func":0,"id":"c1234","nickname":"nicks","histories":[{"number":"23fdw","content":"해커스토익 해커스토익 스피킹 스피킹 가나다 라바 가나다 라바 알고리즘 문제 해결 전략 알고리즘 문제 해결 전략 알고리즘 트레이닝 알고리즘 트레이닝 강도가 잘되나 강도가 잘되나 코스만 코스만 나갑니다 나갑니다 ","date":"Sat May 25 12:35:00 UTC 2019","members":"c1234 chan ","title":"19-05-25 머로 할까"},{"number":"hj3h6","content":"가나다 라마바사 현재시간 현지시간 이상하게 나온다 키보드 키몰 키워드 키보드 키보드 가나다 라마바사 짝수만 선택했다 ","date":"Sat May 25 12:22:22 UTC 2019","members":"c1234 ","title":"19-05-25 회의제목을 멀로하지"}],"talkWithMe":"chan ","contributionData":[58.6,72.5,50.0]}
Elapsed Time: 0.82s
[FROM Client] TIME:Sat May 25 14:08:15 UTC 2019 TALKER: nicks MESSAGE: 23fdw FUNC: 12 NUMBER: 0
[REQUEST_RESULT] : 23fdw
{"wordFrequency":{"해":2,"전략":2,"코스":2,"강도":2,"트레이닝":2,"토익":2},"fiveKeyWord":{"전략":2,"코스":2,"강도":2,"트레이닝":2,"토익":2},"contrib":{"chan":0.4737,"c1234":0.5263},"cont":[{"room":"23fdw","time":"Sat May 25 12:35:15 UTC 2019","msg":"해커스토익","id":"chan"},{"room":"23fdw","time":"Sat May 25 12:35:15 UTC 2019","msg":"해커스토익","id":"c1234"},{"room":"23fdw","time":"Sat May 25 12:35:19 UTC 2019","msg":"스피킹","id":"c1234"},{"room":"23fdw","time":"Sat May 25 12:35:19 UTC 2019","msg":"스피킹","id":"chan"},{"room":"23fdw","time":"Sat May 25 12:35:24 UTC 2019","msg":"가나다 라바","id":"chan"},{"room":"23fdw","time":"Sat May 25 12:35:24 UTC 2019","msg":"가나다 라바","id":"c1234"},{"room":"23fdw","time":"Sat May 25 12:35:30 UTC 2019","msg":"알고리즘 문제 해결 전략","id":"c1234"},{"room":"23fdw","time":"Sat May 25 12:35:30 UTC 2019","msg":"알고리즘 문제 해결 전략","id":"chan"},{"room":"23fdw","time":"Sat May 25 12:35:35 UTC 2019","msg":"알고리즘 트레이닝","id":"c1234"},{"room":"23fdw","time":"Sat May 25 12:35:35 UTC 2019","msg":"알고리즘 트레이닝","id":"chan"},{"room":"23fdw","time":"Sat May 25 12:35:40 UTC 2019","msg":"강도가 잘되나","id":"c1234"},{"room":"23fdw","time":"Sat May 25 12:35:40 UTC 2019","msg":"강도가 잘되나","id":"chan"},{"room":"23fdw","time":"Sat May 25 12:36:00 UTC 2019","msg":"코스만","id":"chan"},{"room":"23fdw","time":"Sat May 25 12:36:00 UTC 2019","msg":"코스만","id":"c1234"},{"room":"23fdw","time":"Sat May 25 12:36:07 UTC 2019","msg":"나갑니다","id":"chan"},{"room":"23fdw","time":"Sat May 25 12:36:07 UTC 2019","msg":"나갑니다","id":"c1234"}],"markData":"0000000000000000"}
Elapsed Time: 0.123s
[FROM Client] TIME:Sat May 25 14:09:02 UTC 2019 TALKER: nicks MESSAGE:  FUNC: 10 NUMBER: 0
{"func":0,"id":"c1234","nickname":"nicks","histories":[{"number":"23fdw","content":"해커스토익 해커스토익 스피킹 스피킹 가나다 라바 가나다 라바 알고리즘 문제 해결 전략 알고리즘 문제 해결 전략 알고리즘 트레이닝 알고리즘 트레이닝 강도가 잘되나 강도가 잘되나 코스만 코스만 나갑니다 나갑니다 ","date":"Sat May 25 12:35:00 UTC 2019","members":"c1234 chan ","title":"19-05-25 머로 할까"},{"number":"hj3h6","content":"가나다 라마바사 현재시간 현지시간 이상하게 나온다 키보드 키몰 키워드 키보드 키보드 가나다 라마바사 짝수만 선택했다 ","date":"Sat May 25 12:22:22 UTC 2019","members":"c1234 ","title":"19-05-25 회의제목을 멀로하지"}],"talkWithMe":"chan ","contributionData":[58.6,72.5,50.0]}
Elapsed Time: 9.532s
[FROM Client] TIME:Sat May 25 14:09:20 UTC 2019 TALKER: nicks MESSAGE: 23fdw FUNC: 9 NUMBER: 0
Sat May 25 14:10:17 UTC 2019 Server: Accept 118.216.115.231 1198
Sat May 25 14:10:17 UTC 2019 Server: Accept 118.216.115.231 1204
[FROM Client] TIME:Sat May 25 14:10:17 UTC 2019 TALKER:  MESSAGE: {"id":"c1234","pw":"03ac674216f3e15c761ee1a5e255f067953623c8b388b4459e13f978d7c846f4"} FUNC: 7 NUMBER: 0
[memberRegisterID] Assertion Success.
id: c1234 pwd: 03ac674216f3e15c761ee1a5e255f067953623c8b388b4459e13f978d7c846f4
Elapsed Time: 0.001s
[FROM Client] TIME:Sat May 25 14:10:27 UTC 2019 TALKER: nicks MESSAGE:  FUNC: 10 NUMBER: 0
{"func":0,"id":"c1234","nickname":"nicks","histories":[{"number":"23fdw","content":"해커스토익 해커스토익 스피킹 스피킹 가나다 라바 가나다 라바 알고리즘 문제 해결 전략 알고리즘 문제 해결 전략 알고리즘 트레이닝 알고리즘 트레이닝 강도가 잘되나 강도가 잘되나 코스만 코스만 나갑니다 나갑니다 ","date":"Sat May 25 12:35:00 UTC 2019","members":"c1234 chan ","title":"19-05-25 머로 할까"},{"number":"hj3h6","content":"가나다 라마바사 현재시간 현지시간 이상하게 나온다 키보드 키몰 키워드 키보드 키보드 가나다 라마바사 짝수만 선택했다 ","date":"Sat May 25 12:22:22 UTC 2019","members":"c1234 ","title":"19-05-25 회의제목을 멀로하지"}],"talkWithMe":"chan ","contributionData":[58.6,72.5,50.0]}
Elapsed Time: 1.02s
[FROM Client] TIME:Sat May 25 14:10:36 UTC 2019 TALKER: nicks MESSAGE: 23fdw FUNC: 12 NUMBER: 0
[REQUEST_RESULT] : 23fdw
{"wordFrequency":{"해":2,"전략":2,"코스":2,"강도":2,"트레이닝":2,"토익":2},"fiveKeyWord":{"전략":2,"코스":2,"강도":2,"트레이닝":2,"토익":2},"contrib":{"chan":0.4737,"c1234":0.5263},"cont":[{"room":"23fdw","time":"Sat May 25 12:35:15 UTC 2019","msg":"해커스토익","id":"chan"},{"room":"23fdw","time":"Sat May 25 12:35:15 UTC 2019","msg":"해커스토익","id":"c1234"},{"room":"23fdw","time":"Sat May 25 12:35:19 UTC 2019","msg":"스피킹","id":"c1234"},{"room":"23fdw","time":"Sat May 25 12:35:19 UTC 2019","msg":"스피킹","id":"chan"},{"room":"23fdw","time":"Sat May 25 12:35:24 UTC 2019","msg":"가나다 라바","id":"chan"},{"room":"23fdw","time":"Sat May 25 12:35:24 UTC 2019","msg":"가나다 라바","id":"c1234"},{"room":"23fdw","time":"Sat May 25 12:35:30 UTC 2019","msg":"알고리즘 문제 해결 전략","id":"c1234"},{"room":"23fdw","time":"Sat May 25 12:35:30 UTC 2019","msg":"알고리즘 문제 해결 전략","id":"chan"},{"room":"23fdw","time":"Sat May 25 12:35:35 UTC 2019","msg":"알고리즘 트레이닝","id":"c1234"},{"room":"23fdw","time":"Sat May 25 12:35:35 UTC 2019","msg":"알고리즘 트레이닝","id":"chan"},{"room":"23fdw","time":"Sat May 25 12:35:40 UTC 2019","msg":"강도가 잘되나","id":"c1234"},{"room":"23fdw","time":"Sat May 25 12:35:40 UTC 2019","msg":"강도가 잘되나","id":"chan"},{"room":"23fdw","time":"Sat May 25 12:36:00 UTC 2019","msg":"코스만","id":"chan"},{"room":"23fdw","time":"Sat May 25 12:36:00 UTC 2019","msg":"코스만","id":"c1234"},{"room":"23fdw","time":"Sat May 25 12:36:07 UTC 2019","msg":"나갑니다","id":"chan"},{"room":"23fdw","time":"Sat May 25 12:36:07 UTC 2019","msg":"나갑니다","id":"c1234"}],"markData":"0000000000000000"}
Elapsed Time: 0.079s
Elapsed Time: 654.918s
Sat May 25 14:24:07 UTC 2019 Server: Accept 118.216.115.231 1317
Sat May 25 14:24:07 UTC 2019 Server: Accept 118.216.115.231 1322
[FROM Client] TIME:Sat May 25 14:24:16 UTC 2019 TALKER:  MESSAGE: {"id":"c1234","pw":"03ac674216f3e15c761ee1a5e255f067953623c8b388b4459e13f978d7c846f4"} FUNC: 7 NUMBER: 0
[memberRegisterID] Assertion Success.
id: c1234 pwd: 03ac674216f3e15c761ee1a5e255f067953623c8b388b4459e13f978d7c846f4
Elapsed Time: 0.903s
[FROM Client] TIME:Sat May 25 14:24:25 UTC 2019 TALKER: nicks MESSAGE:  FUNC: 10 NUMBER: 0
{"func":0,"id":"c1234","nickname":"nicks","histories":[{"number":"23fdw","content":"해커스토익 해커스토익 스피킹 스피킹 가나다 라바 가나다 라바 알고리즘 문제 해결 전략 알고리즘 문제 해결 전략 알고리즘 트레이닝 알고리즘 트레이닝 강도가 잘되나 강도가 잘되나 코스만 코스만 나갑니다 나갑니다 ","date":"Sat May 25 12:35:00 UTC 2019","members":"c1234 chan ","title":"19-05-25 머로 할까"},{"number":"hj3h6","content":"가나다 라마바사 현재시간 현지시간 이상하게 나온다 키보드 키몰 키워드 키보드 키보드 가나다 라마바사 짝수만 선택했다 ","date":"Sat May 25 12:22:22 UTC 2019","members":"c1234 ","title":"19-05-25 회의제목을 멀로하지"}],"talkWithMe":"chan ","contributionData":[58.6,72.5,50.0]}
Elapsed Time: 18.798s
[FROM Client] TIME:Sat May 25 14:24:53 UTC 2019 TALKER: nicks MESSAGE: 23fdw FUNC: 12 NUMBER: 0
[REQUEST_RESULT] : 23fdw
{"wordFrequency":{"해":2,"전략":2,"코스":2,"강도":2,"트레이닝":2,"토익":2},"fiveKeyWord":{"전략":2,"코스":2,"강도":2,"트레이닝":2,"토익":2},"contrib":{"chan":0.4737,"c1234":0.5263},"cont":[{"room":"23fdw","time":"Sat May 25 12:35:15 UTC 2019","msg":"해커스토익","id":"chan"},{"room":"23fdw","time":"Sat May 25 12:35:15 UTC 2019","msg":"해커스토익","id":"c1234"},{"room":"23fdw","time":"Sat May 25 12:35:19 UTC 2019","msg":"스피킹","id":"c1234"},{"room":"23fdw","time":"Sat May 25 12:35:19 UTC 2019","msg":"스피킹","id":"chan"},{"room":"23fdw","time":"Sat May 25 12:35:24 UTC 2019","msg":"가나다 라바","id":"chan"},{"room":"23fdw","time":"Sat May 25 12:35:24 UTC 2019","msg":"가나다 라바","id":"c1234"},{"room":"23fdw","time":"Sat May 25 12:35:30 UTC 2019","msg":"알고리즘 문제 해결 전략","id":"c1234"},{"room":"23fdw","time":"Sat May 25 12:35:30 UTC 2019","msg":"알고리즘 문제 해결 전략","id":"chan"},{"room":"23fdw","time":"Sat May 25 12:35:35 UTC 2019","msg":"알고리즘 트레이닝","id":"c1234"},{"room":"23fdw","time":"Sat May 25 12:35:35 UTC 2019","msg":"알고리즘 트레이닝","id":"chan"},{"room":"23fdw","time":"Sat May 25 12:35:40 UTC 2019","msg":"강도가 잘되나","id":"c1234"},{"room":"23fdw","time":"Sat May 25 12:35:40 UTC 2019","msg":"강도가 잘되나","id":"chan"},{"room":"23fdw","time":"Sat May 25 12:36:00 UTC 2019","msg":"코스만","id":"chan"},{"room":"23fdw","time":"Sat May 25 12:36:00 UTC 2019","msg":"코스만","id":"c1234"},{"room":"23fdw","time":"Sat May 25 12:36:07 UTC 2019","msg":"나갑니다","id":"chan"},{"room":"23fdw","time":"Sat May 25 12:36:07 UTC 2019","msg":"나갑니다","id":"c1234"}],"markData":"0000000000000000"}
Elapsed Time: 0.407s
Sat May 25 14:26:44 UTC 2019 Server: Accept 118.216.115.231 1399
Sat May 25 14:26:45 UTC 2019 Server: Accept 118.216.115.231 1404
[FROM Client] TIME:Sat May 25 14:26:54 UTC 2019 TALKER:  MESSAGE: {"id":"c1234","pw":"03ac674216f3e15c761ee1a5e255f067953623c8b388b4459e13f978d7c846f4"} FUNC: 7 NUMBER: 0
[memberRegisterID] Assertion Success.
id: c1234 pwd: 03ac674216f3e15c761ee1a5e255f067953623c8b388b4459e13f978d7c846f4
Elapsed Time: 0.001s
[FROM Client] TIME:Sat May 25 14:27:03 UTC 2019 TALKER: nicks MESSAGE:  FUNC: 10 NUMBER: 0
{"func":0,"id":"c1234","nickname":"nicks","histories":[{"number":"23fdw","content":"해커스토익 해커스토익 스피킹 스피킹 가나다 라바 가나다 라바 알고리즘 문제 해결 전략 알고리즘 문제 해결 전략 알고리즘 트레이닝 알고리즘 트레이닝 강도가 잘되나 강도가 잘되나 코스만 코스만 나갑니다 나갑니다 ","date":"Sat May 25 12:35:00 UTC 2019","members":"c1234 chan ","title":"19-05-25 머로 할까"},{"number":"hj3h6","content":"가나다 라마바사 현재시간 현지시간 이상하게 나온다 키보드 키몰 키워드 키보드 키보드 가나다 라마바사 짝수만 선택했다 ","date":"Sat May 25 12:22:22 UTC 2019","members":"c1234 ","title":"19-05-25 회의제목을 멀로하지"}],"talkWithMe":"chan ","contributionData":[58.6,72.5,50.0]}
Elapsed Time: 0.287s
[FROM Client] TIME:Sat May 25 14:27:13 UTC 2019 TALKER: nicks MESSAGE: 23fdw FUNC: 12 NUMBER: 0
[REQUEST_RESULT] : 23fdw
{"wordFrequency":{"해":2,"전략":2,"코스":2,"강도":2,"트레이닝":2,"토익":2},"fiveKeyWord":{"전략":2,"코스":2,"강도":2,"트레이닝":2,"토익":2},"contrib":{"chan":0.4737,"c1234":0.5263},"cont":[{"room":"23fdw","time":"Sat May 25 12:35:15 UTC 2019","msg":"해커스토익","id":"chan"},{"room":"23fdw","time":"Sat May 25 12:35:15 UTC 2019","msg":"해커스토익","id":"c1234"},{"room":"23fdw","time":"Sat May 25 12:35:19 UTC 2019","msg":"스피킹","id":"c1234"},{"room":"23fdw","time":"Sat May 25 12:35:19 UTC 2019","msg":"스피킹","id":"chan"},{"room":"23fdw","time":"Sat May 25 12:35:24 UTC 2019","msg":"가나다 라바","id":"chan"},{"room":"23fdw","time":"Sat May 25 12:35:24 UTC 2019","msg":"가나다 라바","id":"c1234"},{"room":"23fdw","time":"Sat May 25 12:35:30 UTC 2019","msg":"알고리즘 문제 해결 전략","id":"c1234"},{"room":"23fdw","time":"Sat May 25 12:35:30 UTC 2019","msg":"알고리즘 문제 해결 전략","id":"chan"},{"room":"23fdw","time":"Sat May 25 12:35:35 UTC 2019","msg":"알고리즘 트레이닝","id":"c1234"},{"room":"23fdw","time":"Sat May 25 12:35:35 UTC 2019","msg":"알고리즘 트레이닝","id":"chan"},{"room":"23fdw","time":"Sat May 25 12:35:40 UTC 2019","msg":"강도가 잘되나","id":"c1234"},{"room":"23fdw","time":"Sat May 25 12:35:40 UTC 2019","msg":"강도가 잘되나","id":"chan"},{"room":"23fdw","time":"Sat May 25 12:36:00 UTC 2019","msg":"코스만","id":"chan"},{"room":"23fdw","time":"Sat May 25 12:36:00 UTC 2019","msg":"코스만","id":"c1234"},{"room":"23fdw","time":"Sat May 25 12:36:07 UTC 2019","msg":"나갑니다","id":"chan"},{"room":"23fdw","time":"Sat May 25 12:36:07 UTC 2019","msg":"나갑니다","id":"c1234"}],"markData":"0000000000000000"}
Elapsed Time: 0.081s
Sat May 25 14:30:27 UTC 2019 Server: Accept 118.216.115.231 1492
Sat May 25 14:30:28 UTC 2019 Server: Accept 118.216.115.231 1496
[FROM Client] TIME:Sat May 25 14:30:37 UTC 2019 TALKER:  MESSAGE: {"id":"c1234","pw":"03ac674216f3e15c761ee1a5e255f067953623c8b388b4459e13f978d7c846f4"} FUNC: 7 NUMBER: 0
[memberRegisterID] Assertion Success.
id: c1234 pwd: 03ac674216f3e15c761ee1a5e255f067953623c8b388b4459e13f978d7c846f4
Elapsed Time: 9.249s
[FROM Client] TIME:Sat May 25 14:30:55 UTC 2019 TALKER: nicks MESSAGE:  FUNC: 10 NUMBER: 0
{"func":0,"id":"c1234","nickname":"nicks","histories":[{"number":"23fdw","content":"해커스토익 해커스토익 스피킹 스피킹 가나다 라바 가나다 라바 알고리즘 문제 해결 전략 알고리즘 문제 해결 전략 알고리즘 트레이닝 알고리즘 트레이닝 강도가 잘되나 강도가 잘되나 코스만 코스만 나갑니다 나갑니다 ","date":"Sat May 25 12:35:00 UTC 2019","members":"c1234 chan ","title":"19-05-25 머로 할까"},{"number":"hj3h6","content":"가나다 라마바사 현재시간 현지시간 이상하게 나온다 키보드 키몰 키워드 키보드 키보드 가나다 라마바사 짝수만 선택했다 ","date":"Sat May 25 12:22:22 UTC 2019","members":"c1234 ","title":"19-05-25 회의제목을 멀로하지"}],"talkWithMe":"chan ","contributionData":[58.6,72.5,50.0]}
Elapsed Time: 9.824s
[FROM Client] TIME:Sat May 25 14:31:33 UTC 2019 TALKER: nicks MESSAGE: 23fdw FUNC: 12 NUMBER: 0
[REQUEST_RESULT] : 23fdw
{"wordFrequency":{"해":2,"전략":2,"코스":2,"강도":2,"트레이닝":2,"토익":2},"fiveKeyWord":{"전략":2,"코스":2,"강도":2,"트레이닝":2,"토익":2},"contrib":{"chan":0.4737,"c1234":0.5263},"cont":[{"room":"23fdw","time":"Sat May 25 12:35:15 UTC 2019","msg":"해커스토익","id":"chan"},{"room":"23fdw","time":"Sat May 25 12:35:15 UTC 2019","msg":"해커스토익","id":"c1234"},{"room":"23fdw","time":"Sat May 25 12:35:19 UTC 2019","msg":"스피킹","id":"c1234"},{"room":"23fdw","time":"Sat May 25 12:35:19 UTC 2019","msg":"스피킹","id":"chan"},{"room":"23fdw","time":"Sat May 25 12:35:24 UTC 2019","msg":"가나다 라바","id":"chan"},{"room":"23fdw","time":"Sat May 25 12:35:24 UTC 2019","msg":"가나다 라바","id":"c1234"},{"room":"23fdw","time":"Sat May 25 12:35:30 UTC 2019","msg":"알고리즘 문제 해결 전략","id":"c1234"},{"room":"23fdw","time":"Sat May 25 12:35:30 UTC 2019","msg":"알고리즘 문제 해결 전략","id":"chan"},{"room":"23fdw","time":"Sat May 25 12:35:35 UTC 2019","msg":"알고리즘 트레이닝","id":"c1234"},{"room":"23fdw","time":"Sat May 25 12:35:35 UTC 2019","msg":"알고리즘 트레이닝","id":"chan"},{"room":"23fdw","time":"Sat May 25 12:35:40 UTC 2019","msg":"강도가 잘되나","id":"c1234"},{"room":"23fdw","time":"Sat May 25 12:35:40 UTC 2019","msg":"강도가 잘되나","id":"chan"},{"room":"23fdw","time":"Sat May 25 12:36:00 UTC 2019","msg":"코스만","id":"chan"},{"room":"23fdw","time":"Sat May 25 12:36:00 UTC 2019","msg":"코스만","id":"c1234"},{"room":"23fdw","time":"Sat May 25 12:36:07 UTC 2019","msg":"나갑니다","id":"chan"},{"room":"23fdw","time":"Sat May 25 12:36:07 UTC 2019","msg":"나갑니다","id":"c1234"}],"markData":"0000000000000000"}
Elapsed Time: 9.772s
Sat May 25 14:35:24 UTC 2019 Server: Accept 118.216.115.231 1601
Sat May 25 14:35:24 UTC 2019 Server: Accept 118.216.115.231 1605
[FROM Client] TIME:Sat May 25 14:35:33 UTC 2019 TALKER:  MESSAGE: {"id":"c1234","pw":"03ac674216f3e15c761ee1a5e255f067953623c8b388b4459e13f978d7c846f4"} FUNC: 7 NUMBER: 0
[memberRegisterID] Assertion Success.
id: c1234 pwd: 03ac674216f3e15c761ee1a5e255f067953623c8b388b4459e13f978d7c846f4
Elapsed Time: 0.123s
[FROM Client] TIME:Sat May 25 14:35:42 UTC 2019 TALKER: nicks MESSAGE:  FUNC: 10 NUMBER: 0
{"func":0,"id":"c1234","nickname":"nicks","histories":[{"number":"23fdw","content":"해커스토익 해커스토익 스피킹 스피킹 가나다 라바 가나다 라바 알고리즘 문제 해결 전략 알고리즘 문제 해결 전략 알고리즘 트레이닝 알고리즘 트레이닝 강도가 잘되나 강도가 잘되나 코스만 코스만 나갑니다 나갑니다 ","date":"Sat May 25 12:35:00 UTC 2019","members":"c1234 chan ","title":"19-05-25 머로 할까"},{"number":"hj3h6","content":"가나다 라마바사 현재시간 현지시간 이상하게 나온다 키보드 키몰 키워드 키보드 키보드 가나다 라마바사 짝수만 선택했다 ","date":"Sat May 25 12:22:22 UTC 2019","members":"c1234 ","title":"19-05-25 회의제목을 멀로하지"}],"talkWithMe":"chan ","contributionData":[58.6,72.5,50.0]}
Elapsed Time: 10.316s
[FROM Client] TIME:Sat May 25 14:36:11 UTC 2019 TALKER: nicks MESSAGE: 23fdw FUNC: 12 NUMBER: 0
[REQUEST_RESULT] : 23fdw
{"wordFrequency":{"해":2,"전략":2,"코스":2,"강도":2,"트레이닝":2,"토익":2},"fiveKeyWord":{"전략":2,"코스":2,"강도":2,"트레이닝":2,"토익":2},"contrib":{"chan":0.4737,"c1234":0.5263},"cont":[{"room":"23fdw","time":"Sat May 25 12:35:15 UTC 2019","msg":"해커스토익","id":"chan"},{"room":"23fdw","time":"Sat May 25 12:35:15 UTC 2019","msg":"해커스토익","id":"c1234"},{"room":"23fdw","time":"Sat May 25 12:35:19 UTC 2019","msg":"스피킹","id":"c1234"},{"room":"23fdw","time":"Sat May 25 12:35:19 UTC 2019","msg":"스피킹","id":"chan"},{"room":"23fdw","time":"Sat May 25 12:35:24 UTC 2019","msg":"가나다 라바","id":"chan"},{"room":"23fdw","time":"Sat May 25 12:35:24 UTC 2019","msg":"가나다 라바","id":"c1234"},{"room":"23fdw","time":"Sat May 25 12:35:30 UTC 2019","msg":"알고리즘 문제 해결 전략","id":"c1234"},{"room":"23fdw","time":"Sat May 25 12:35:30 UTC 2019","msg":"알고리즘 문제 해결 전략","id":"chan"},{"room":"23fdw","time":"Sat May 25 12:35:35 UTC 2019","msg":"알고리즘 트레이닝","id":"c1234"},{"room":"23fdw","time":"Sat May 25 12:35:35 UTC 2019","msg":"알고리즘 트레이닝","id":"chan"},{"room":"23fdw","time":"Sat May 25 12:35:40 UTC 2019","msg":"강도가 잘되나","id":"c1234"},{"room":"23fdw","time":"Sat May 25 12:35:40 UTC 2019","msg":"강도가 잘되나","id":"chan"},{"room":"23fdw","time":"Sat May 25 12:36:00 UTC 2019","msg":"코스만","id":"chan"},{"room":"23fdw","time":"Sat May 25 12:36:00 UTC 2019","msg":"코스만","id":"c1234"},{"room":"23fdw","time":"Sat May 25 12:36:07 UTC 2019","msg":"나갑니다","id":"chan"},{"room":"23fdw","time":"Sat May 25 12:36:07 UTC 2019","msg":"나갑니다","id":"c1234"}],"markData":"0000000000000000"}
Elapsed Time: 0.291s
Server: DB Connecting..
Connecting...
DB Conncted.
Server: Success DB Connect
Server: Socket Connecting...
Sat May 25 17:48:36 UTC 2019 Server: Accept 118.216.115.231 57394
[FROM Client] TIME:Sat May 25 17:48:37 UTC 2019 TALKER:  MESSAGE: {"id":"c1234","pw":"03ac674216f3e15c761ee1a5e255f067953623c8b388b4459e13f978d7c846f4"} FUNC: 7 NUMBER: 0
[memberRegisterID] Assertion Success.
id: c1234 pwd: 03ac674216f3e15c761ee1a5e255f067953623c8b388b4459e13f978d7c846f4
Elapsed Time: 0.034s
[FROM Client] TIME:Sat May 25 17:48:39 UTC 2019 TALKER: nicks MESSAGE:  FUNC: 10 NUMBER: 0
{"func":0,"id":"c1234","nickname":"nicks","histories":[{"number":"092gk","content":"","date":"Sat May 25 15:10:38 UTC 2019","members":"c1234 ","title":"19_05_26"},{"number":"135ua","content":"가나다 라마바사 미국은 잘되지 가나다 라마바사 키보드 하나라도 나와야 된다 키보드 티월드 키워드 키워드 ","date":"Sat May 25 16:16:18 UTC 2019","members":"c1234 ","title":"19_05_26"},{"number":"23fdw","content":"해커스토익 해커스토익 스피킹 스피킹 가나다 라바 가나다 라바 알고리즘 문제 해결 전략 알고리즘 문제 해결 전략 알고리즘 트레이닝 알고리즘 트레이닝 강도가 잘되나 강도가 잘되나 코스만 코스만 나갑니다 나갑니다 ","date":"Sat May 25 12:35:00 UTC 2019","members":"c1234 chan ","title":"19-05-25 머로 할까"},{"number":"2k799","content":"","date":"Sat May 25 17:18:14 UTC 2019","members":"c1234 ","title":"19_05_26"},{"number":"43bhp","content":"","date":"Sat May 25 16:14:28 UTC 2019","members":"c1234 ","title":"19_05_26"},{"number":"66dze","content":"녹음 시작합니다 인지 확인할 수 있나요 강조 북마크 다 잘됩니다 순하고 향기로운 섬유향수 알고리즘 문제 해결 전략 알고리즘 트레이닝 인공지능 현대적 접근방식 소프트웨어 공학은 너무 어렵다 데이터베이스 시스템은 점수가 잘 안나왔다 대명사 고유명사 일반명사 의존명사 모란 네이버 클로바 ","date":"Sat May 25 17:19:44 UTC 2019","members":"c1234 ","title":"19_05_26"},{"number":"8h5v2","content":"시작되나 시작 바이크 안개등 마이크가 안 됐던 거야 된다 됀다 블루 스택 10승 자료구조 마이크가 어디 있나 알고리즘 문제 해결 전략 c로 쓴 자료 구조론 소프트웨어 공학 가나다 라마바사 순하고 향기로운 섬유향수 김민정 서버에서 프로 산 후에 클라이언트에서도 크로스를 호출해 주어 정상적인 상태가 됩니다 unix network programming 2장에 보면 11개 tcp 상태 전이 그림이 나와 있습니다 참고하시면 될 것 같습니다 ","date":"Sat May 25 15:15:50 UTC 2019","members":"c1234 ","title":"19_05_26"},{"number":"hj3h6","content":"가나다 라마바사 현재시간 현지시간 이상하게 나온다 키보드 키몰 키워드 키보드 키보드 가나다 라마바사 짝수만 선택했다 ","date":"Sat May 25 12:22:22 UTC 2019","members":"c1234 ","title":"19-05-25 회의제목을 멀로하지"},{"number":"n0340","content":"","date":"Sat May 25 17:04:16 UTC 2019","members":"c1234 ","title":"19_05_26"},{"number":"p5282","content":"","date":"Sat May 25 16:10:18 UTC 2019","members":"c1234 ","title":"19_05_26"},{"number":"pw2mk","content":"","date":"Sat May 25 15:13:19 UTC 2019","members":"c1234 ","title":"19_05_261234"},{"number":"q8z18","content":"도검 시작 합니다 토스트 만들기 나빼고 아구찜 등기부 등본 드럽게 못 알아들어 일기보다 라든요 코도모 드래곤 코도모 드래곤 목소리가 커도 못 알아들어 ","date":"Sat May 25 15:24:29 UTC 2019","members":"c1234 ","title":"19_05_26"}],"talkWithMe":"chan ","contributionData":[67.0,94.8,50.0]}
Elapsed Time: 0.051s
[FROM Client] TIME:Sat May 25 17:49:05 UTC 2019 TALKER: nicks MESSAGE:  FUNC: 10 NUMBER: 0
{"func":0,"id":"c1234","nickname":"nicks","histories":[{"number":"092gk","content":"","date":"Sat May 25 15:10:38 UTC 2019","members":"c1234 ","title":"19_05_26"},{"number":"135ua","content":"가나다 라마바사 미국은 잘되지 가나다 라마바사 키보드 하나라도 나와야 된다 키보드 티월드 키워드 키워드 ","date":"Sat May 25 16:16:18 UTC 2019","members":"c1234 ","title":"19_05_26"},{"number":"23fdw","content":"해커스토익 해커스토익 스피킹 스피킹 가나다 라바 가나다 라바 알고리즘 문제 해결 전략 알고리즘 문제 해결 전략 알고리즘 트레이닝 알고리즘 트레이닝 강도가 잘되나 강도가 잘되나 코스만 코스만 나갑니다 나갑니다 ","date":"Sat May 25 12:35:00 UTC 2019","members":"c1234 chan ","title":"19-05-25 머로 할까"},{"number":"2k799","content":"","date":"Sat May 25 17:18:14 UTC 2019","members":"c1234 ","title":"19_05_26"},{"number":"43bhp","content":"","date":"Sat May 25 16:14:28 UTC 2019","members":"c1234 ","title":"19_05_26"},{"number":"66dze","content":"녹음 시작합니다 인지 확인할 수 있나요 강조 북마크 다 잘됩니다 순하고 향기로운 섬유향수 알고리즘 문제 해결 전략 알고리즘 트레이닝 인공지능 현대적 접근방식 소프트웨어 공학은 너무 어렵다 데이터베이스 시스템은 점수가 잘 안나왔다 대명사 고유명사 일반명사 의존명사 모란 네이버 클로바 ","date":"Sat May 25 17:19:44 UTC 2019","members":"c1234 ","title":"19_05_26"},{"number":"8h5v2","content":"시작되나 시작 바이크 안개등 마이크가 안 됐던 거야 된다 됀다 블루 스택 10승 자료구조 마이크가 어디 있나 알고리즘 문제 해결 전략 c로 쓴 자료 구조론 소프트웨어 공학 가나다 라마바사 순하고 향기로운 섬유향수 김민정 서버에서 프로 산 후에 클라이언트에서도 크로스를 호출해 주어 정상적인 상태가 됩니다 unix network programming 2장에 보면 11개 tcp 상태 전이 그림이 나와 있습니다 참고하시면 될 것 같습니다 ","date":"Sat May 25 15:15:50 UTC 2019","members":"c1234 ","title":"19_05_26"},{"number":"hj3h6","content":"가나다 라마바사 현재시간 현지시간 이상하게 나온다 키보드 키몰 키워드 키보드 키보드 가나다 라마바사 짝수만 선택했다 ","date":"Sat May 25 12:22:22 UTC 2019","members":"c1234 ","title":"19-05-25 회의제목을 멀로하지"},{"number":"n0340","content":"","date":"Sat May 25 17:04:16 UTC 2019","members":"c1234 ","title":"19_05_26"},{"number":"p5282","content":"","date":"Sat May 25 16:10:18 UTC 2019","members":"c1234 ","title":"19_05_26"},{"number":"pw2mk","content":"","date":"Sat May 25 15:13:19 UTC 2019","members":"c1234 ","title":"19_05_261234"},{"number":"q8z18","content":"도검 시작 합니다 토스트 만들기 나빼고 아구찜 등기부 등본 드럽게 못 알아들어 일기보다 라든요 코도모 드래곤 코도모 드래곤 목소리가 커도 못 알아들어 ","date":"Sat May 25 15:24:29 UTC 2019","members":"c1234 ","title":"19_05_26"}],"talkWithMe":"chan ","contributionData":[67.0,94.8,50.0]}
Elapsed Time: 0.029s
[FROM Client] TIME:Sat May 25 17:49:12 UTC 2019 TALKER: nicks MESSAGE: 66dze FUNC: 12 NUMBER: 0
[REQUEST_RESULT] : 66dze
{"wordFrequency":{"북":1,"방식":1,"의존":1,"일반":1,"네이버":1,"향수":1,"알고리즘":2,"모란":1,"명사":3,"인지":1,"점수":1,"접근":1,"바":1,"고유":1,"수":1,"확인":1,"데이터베이스 시스템":1,"녹음":1,"현대":1,"전략":1,"문제 해결":1,"인공지능":1,"트레이닝":1,"섬유":1,"시작":1,"소프트웨어 공학":1,"강조":1,"대명사":1,"클로":1,"향기":1,"마크":1},"fiveKeyWord":{"명사":3,"의존":1,"인공지능":1,"강조":1,"알고리즘":2},"contrib":{"c1234":1.0},"cont":[{"room":"66dze","time":"Sat May 25 17:19:47 UTC 2019","msg":"녹음 시작합니다","id":"c1234"},{"room":"66dze","time":"Sat May 25 17:19:52 UTC 2019","msg":"인지 확인할 수 있나요","id":"c1234"},{"room":"66dze","time":"Sat May 25 17:19:58 UTC 2019","msg":"강조 북마크 다 잘됩니다","id":"c1234"},{"room":"66dze","time":"Sat May 25 17:20:09 UTC 2019","msg":"순하고 향기로운 섬유향수","id":"c1234"},{"room":"66dze","time":"Sat May 25 17:20:15 UTC 2019","msg":"알고리즘 문제 해결 전략","id":"c1234"},{"room":"66dze","time":"Sat May 25 17:20:21 UTC 2019","msg":"알고리즘 트레이닝","id":"c1234"},{"room":"66dze","time":"Sat May 25 17:20:26 UTC 2019","msg":"인공지능 현대적 접근방식","id":"c1234"},{"room":"66dze","time":"Sat May 25 17:20:32 UTC 2019","msg":"소프트웨어 공학은 너무 어렵다","id":"c1234"},{"room":"66dze","time":"Sat May 25 17:20:38 UTC 2019","msg":"데이터베이스 시스템은 점수가 잘 안나왔다","id":"c1234"},{"room":"66dze","time":"Sat May 25 17:20:46 UTC 2019","msg":"대명사 고유명사","id":"c1234"},{"room":"66dze","time":"Sat May 25 17:20:52 UTC 2019","msg":"일반명사 의존명사","id":"c1234"},{"room":"66dze","time":"Sat May 25 17:20:58 UTC 2019","msg":"모란","id":"c1234"},{"room":"66dze","time":"Sat May 25 17:21:02 UTC 2019","msg":"네이버 클로바","id":"c1234"}],"markData":"0000000000000"}
Elapsed Time: 0.012s
[FROM Client] TIME:Sat May 25 17:49:43 UTC 2019 TALKER: nicks MESSAGE: 많이 말한 거 FUNC: 1 NUMBER: 0
Elapsed Time: 0.002s
[FROM Client] TIME:Sat May 25 17:49:43 UTC 2019 TALKER: nicks MESSAGE:  FUNC: 11 NUMBER: g4coi
Elapsed Time: 0.002s
[FROM Client] TIME:Sat May 25 17:49:45 UTC 2019 TALKER: nicks MESSAGE: START FUNC: 3 NUMBER: g4coi
[REQUEST START] INSERT START MESSAGE TO DB
[REQUEST START] RECEIVER LIST : Elapsed Time: 0.001s
[FROM Client] TIME:Sat May 25 17:49:49 UTC 2019 TALKER: nicks MESSAGE: 주가 FUNC: 0 NUMBER: g4coi
[DEFAULT MESSAGE]
[RECEIVER LIST] : 주가 [SEND SUCCESS & INSERT MESSAGE TO DB]
Elapsed Time: 0.016s
[FROM Client] TIME:Sat May 25 17:49:53 UTC 2019 TALKER: nicks MESSAGE: 녹음 중입니까 FUNC: 0 NUMBER: g4coi
[DEFAULT MESSAGE]
[RECEIVER LIST] : 녹음 중 [SEND SUCCESS & INSERT MESSAGE TO DB]
Elapsed Time: 0.01s
[FROM Client] TIME:Sat May 25 17:49:58 UTC 2019 TALKER: nicks MESSAGE: 과연 FUNC: 0 NUMBER: g4coi
[DEFAULT MESSAGE]
[RECEIVER LIST] : [SEND SUCCESS & INSERT MESSAGE TO DB]
Elapsed Time: 0.002s
[FROM Client] TIME:Sat May 25 17:50:14 UTC 2019 TALKER: nicks MESSAGE: 갤럭시 s9 FUNC: 0 NUMBER: g4coi
[DEFAULT MESSAGE]
[RECEIVER LIST] : 갤럭시 [SEND SUCCESS & INSERT MESSAGE TO DB]
Elapsed Time: 0.004s
[FROM Client] TIME:Sat May 25 17:50:22 UTC 2019 TALKER: nicks MESSAGE: 스마트폰은 좋은 것 같다 FUNC: 0 NUMBER: g4coi
[DEFAULT MESSAGE]
[RECEIVER LIST] : 스마트폰 것 [SEND SUCCESS & INSERT MESSAGE TO DB]
Elapsed Time: 0.007s
[FROM Client] TIME:Sat May 25 17:50:27 UTC 2019 TALKER: nicks MESSAGE: 생각보다 클로바는 잘 못 알아듣는다 FUNC: 0 NUMBER: g4coi
[DEFAULT MESSAGE]
[RECEIVER LIST] : 생각 클로 바 [SEND SUCCESS & INSERT MESSAGE TO DB]
Elapsed Time: 0.01s
[FROM Client] TIME:Sat May 25 17:50:32 UTC 2019 TALKER: nicks MESSAGE: 구글 api는 비탈리 FUNC: 0 NUMBER: g4coi
[DEFAULT MESSAGE]
[RECEIVER LIST] : 구글 비탈리 [SEND SUCCESS & INSERT MESSAGE TO DB]
Elapsed Time: 0.006s
[FROM Client] TIME:Sat May 25 17:50:41 UTC 2019 TALKER: nicks MESSAGE: 구글 api가 노숙을 했다 FUNC: 0 NUMBER: g4coi
[DEFAULT MESSAGE]
[RECEIVER LIST] : 구글 노숙 [SEND SUCCESS & INSERT MESSAGE TO DB]
Elapsed Time: 0.011s
[FROM Client] TIME:Sat May 25 17:50:47 UTC 2019 TALKER: nicks MESSAGE: 구글 api도 한번 써볼 걸 그랬다 FUNC: 0 NUMBER: g4coi
[DEFAULT MESSAGE]
[RECEIVER LIST] : 구글 번 [SEND SUCCESS & INSERT MESSAGE TO DB]
Elapsed Time: 0.006s
[FROM Client] TIME:Sat May 25 17:50:54 UTC 2019 TALKER: nicks MESSAGE: 아니 말한거는 뭐라고 말할까 FUNC: 0 NUMBER: g4coi
[DEFAULT MESSAGE]
[RECEIVER LIST] : 말 것 뭐 말 [SEND SUCCESS & INSERT MESSAGE TO DB]
Elapsed Time: 0.011s
[FROM Client] TIME:Sat May 25 17:51:02 UTC 2019 TALKER: nicks MESSAGE: 코팅 다크 리 잘되고 FUNC: 0 NUMBER: g4coi
[DEFAULT MESSAGE]
[RECEIVER LIST] : 코팅 다크 리 [SEND SUCCESS & INSERT MESSAGE TO DB]
Elapsed Time: 0.007s
[FROM Client] TIME:Sat May 25 17:51:07 UTC 2019 TALKER: nicks MESSAGE: 버튼도 캐릭터 잘 되고 FUNC: 0 NUMBER: g4coi
[DEFAULT MESSAGE]
[RECEIVER LIST] : 버튼 캐릭터 [SEND SUCCESS & INSERT MESSAGE TO DB]
Elapsed Time: 0.009s
[FROM Client] TIME:Sat May 25 17:51:13 UTC 2019 TALKER: nicks MESSAGE: 무영도 괜찮은 곳 FUNC: 0 NUMBER: g4coi
[DEFAULT MESSAGE]
[RECEIVER LIST] : 영도 곳 [SEND SUCCESS & INSERT MESSAGE TO DB]
Elapsed Time: 0.004s
[FROM Client] TIME:Sat May 25 17:51:20 UTC 2019 TALKER: nicks MESSAGE: 이제 잘 시간입니다 FUNC: 0 NUMBER: g4coi
[DEFAULT MESSAGE]
[RECEIVER LIST] : 시간 [SEND SUCCESS & INSERT MESSAGE TO DB]
Elapsed Time: 0.005s
[FROM Client] TIME:Sat May 25 17:51:24 UTC 2019 TALKER: nicks MESSAGE: 파일 만든 것 FUNC: 0 NUMBER: g4coi
[DEFAULT MESSAGE]
[RECEIVER LIST] : 파일 것 [SEND SUCCESS & INSERT MESSAGE TO DB]
Elapsed Time: 0.005s
[FROM Client] TIME:Sat May 25 17:51:31 UTC 2019 TALKER: nicks MESSAGE: 팔봉면 구도 스타트로 105 FUNC: 0 NUMBER: g4coi
[DEFAULT MESSAGE]
[RECEIVER LIST] : 팔봉면 구도 스타트 [SEND SUCCESS & INSERT MESSAGE TO DB]
Elapsed Time: 0.01s
[FROM Client] TIME:Sat May 25 17:51:38 UTC 2019 TALKER: nicks MESSAGE: 파일 뽑는거에서 스타트랑 인데 제외하고 FUNC: 0 NUMBER: g4coi
[DEFAULT MESSAGE]
[RECEIVER LIST] : 파일 거 스타트 제외 [SEND SUCCESS & INSERT MESSAGE TO DB]
Elapsed Time: 0.011s
[FROM Client] TIME:Sat May 25 17:51:44 UTC 2019 TALKER: nicks MESSAGE: 나머지 꽃들로 시간 출력 해 사면 될 것 같다 FUNC: 0 NUMBER: g4coi
[DEFAULT MESSAGE]
[RECEIVER LIST] : 나머지 꽃 시간 출력 사면 것 [SEND SUCCESS & INSERT MESSAGE TO DB]
Elapsed Time: 0.012s
[FROM Client] TIME:Sat May 25 17:51:51 UTC 2019 TALKER: nicks MESSAGE: 마크 데이터 FUNC: 0 NUMBER: g4coi
[DEFAULT MESSAGE]
[RECEIVER LIST] : 마크 데이터 [SEND SUCCESS & INSERT MESSAGE TO DB]
Elapsed Time: 0.003s
[FROM Client] TIME:Sat May 25 17:51:59 UTC 2019 TALKER: nicks MESSAGE: 짝수는 모르겠습니다 FUNC: 0 NUMBER: g4coi
[DEFAULT MESSAGE]
[RECEIVER LIST] : 짝수 [SEND SUCCESS & INSERT MESSAGE TO DB]
Elapsed Time: 0.004s
[FROM Client] TIME:Sat May 25 17:52:10 UTC 2019 TALKER: nicks MESSAGE: 얼마나 나올지 궁금하다 FUNC: 0 NUMBER: g4coi
[DEFAULT MESSAGE]
[RECEIVER LIST] : [SEND SUCCESS & INSERT MESSAGE TO DB]
Elapsed Time: 0.003s
[FROM Client] TIME:Sat May 25 17:52:15 UTC 2019 TALKER: nicks MESSAGE: 중간에 들어오는 거 확인 FUNC: 0 NUMBER: g4coi
[DEFAULT MESSAGE]
[RECEIVER LIST] : 중간 거 확인 [SEND SUCCESS & INSERT MESSAGE TO DB]
Elapsed Time: 0.01s
[FROM Client] TIME:Sat May 25 17:52:20 UTC 2019 TALKER: nicks MESSAGE: 중간에 들어온 거 확인해서 생각해보니까 FUNC: 0 NUMBER: g4coi
[DEFAULT MESSAGE]
[RECEIVER LIST] : 중간 거 확인 생각 [SEND SUCCESS & INSERT MESSAGE TO DB]
Elapsed Time: 0.01s
[FROM Client] TIME:Sat May 25 17:52:23 UTC 2019 TALKER: nicks MESSAGE: 01010101010101010101000 FUNC: 5 NUMBER: g4coi
[REQUEST EXIT] 01010101010101010101000
[REQUEST EXIT] RECEIVER LIST: 
[REQUEST EXIT] APPLY MY INFO
[REQUEST EXIT] ROOM EMPTY!!
Elapsed Time: 0.002s
[FROM Client] TIME:Sat May 25 17:52:24 UTC 2019 TALKER: nicks MESSAGE: g4coi FUNC: 12 NUMBER: 
[REQUEST_RESULT] : g4coi
{"wordFrequency":{"구글":2,"짝수":1,"것":2,"꽃":1,"제외":1,"번":1,"중간":2,"비탈리":1,"구도":1,"나머지":1,"말":2,"출력":1,"사면":1,"뭐":1,"중":1,"스마트폰":1,"바":1,"데이터":1,"확인":2,"생각":2,"주가":1,"다크":1,"녹음":1,"스타트":2,"코팅":1,"파일":2,"리":1,"캐릭터":1,"갤럭시":1,"버튼":1,"시간":2,"거":2,"팔봉면":1,"클로":1,"곳":1,"마크":1,"노숙":1,"영도":1},"fiveKeyWord":{"시간":2,"말":2,"스타트":2,"확인":2,"중간":2},"contrib":{"c1234":1.0},"cont":[{"room":"g4coi","time":"Sat May 25 17:49:49 UTC 2019","msg":"주가","id":"c1234"},{"room":"g4coi","time":"Sat May 25 17:49:53 UTC 2019","msg":"녹음 중입니까","id":"c1234"},{"room":"g4coi","time":"Sat May 25 17:49:58 UTC 2019","msg":"과연","id":"c1234"},{"room":"g4coi","time":"Sat May 25 17:50:14 UTC 2019","msg":"갤럭시 s9","id":"c1234"},{"room":"g4coi","time":"Sat May 25 17:50:22 UTC 2019","msg":"스마트폰은 좋은 것 같다","id":"c1234"},{"room":"g4coi","time":"Sat May 25 17:50:27 UTC 2019","msg":"생각보다 클로바는 잘 못 알아듣는다","id":"c1234"},{"room":"g4coi","time":"Sat May 25 17:50:32 UTC 2019","msg":"구글 api는 비탈리","id":"c1234"},{"room":"g4coi","time":"Sat May 25 17:50:41 UTC 2019","msg":"구글 api가 노숙을 했다","id":"c1234"},{"room":"g4coi","time":"Sat May 25 17:50:47 UTC 2019","msg":"구글 api도 한번 써볼 걸 그랬다","id":"c1234"},{"room":"g4coi","time":"Sat May 25 17:50:54 UTC 2019","msg":"아니 말한거는 뭐라고 말할까","id":"c1234"},{"room":"g4coi","time":"Sat May 25 17:51:02 UTC 2019","msg":"코팅 다크 리 잘되고","id":"c1234"},{"room":"g4coi","time":"Sat May 25 17:51:07 UTC 2019","msg":"버튼도 캐릭터 잘 되고","id":"c1234"},{"room":"g4coi","time":"Sat May 25 17:51:13 UTC 2019","msg":"무영도 괜찮은 곳","id":"c1234"},{"room":"g4coi","time":"Sat May 25 17:51:20 UTC 2019","msg":"이제 잘 시간입니다","id":"c1234"},{"room":"g4coi","time":"Sat May 25 17:51:24 UTC 2019","msg":"파일 만든 것","id":"c1234"},{"room":"g4coi","time":"Sat May 25 17:51:31 UTC 2019","msg":"팔봉면 구도 스타트로 105","id":"c1234"},{"room":"g4coi","time":"Sat May 25 17:51:38 UTC 2019","msg":"파일 뽑는거에서 스타트랑 인데 제외하고","id":"c1234"},{"room":"g4coi","time":"Sat May 25 17:51:44 UTC 2019","msg":"나머지 꽃들로 시간 출력 해 사면 될 것 같다","id":"c1234"},{"room":"g4coi","time":"Sat May 25 17:51:51 UTC 2019","msg":"마크 데이터","id":"c1234"},{"room":"g4coi","time":"Sat May 25 17:51:59 UTC 2019","msg":"짝수는 모르겠습니다","id":"c1234"},{"room":"g4coi","time":"Sat May 25 17:52:10 UTC 2019","msg":"얼마나 나올지 궁금하다","id":"c1234"},{"room":"g4coi","time":"Sat May 25 17:52:15 UTC 2019","msg":"중간에 들어오는 거 확인","id":"c1234"},{"room":"g4coi","time":"Sat May 25 17:52:20 UTC 2019","msg":"중간에 들어온 거 확인해서 생각해보니까","id":"c1234"}],"markData":"01010101010101010101000"}
Elapsed Time: 0.005s
[FROM Client] TIME:Sat May 25 17:53:12 UTC 2019 TALKER: nicks MESSAGE:  FUNC: 10 NUMBER: 
{"func":0,"id":"c1234","nickname":"nicks","histories":[{"number":"092gk","content":"","date":"Sat May 25 15:10:38 UTC 2019","members":"c1234 ","title":"19_05_26"},{"number":"135ua","content":"가나다 라마바사 미국은 잘되지 가나다 라마바사 키보드 하나라도 나와야 된다 키보드 티월드 키워드 키워드 ","date":"Sat May 25 16:16:18 UTC 2019","members":"c1234 ","title":"19_05_26"},{"number":"23fdw","content":"해커스토익 해커스토익 스피킹 스피킹 가나다 라바 가나다 라바 알고리즘 문제 해결 전략 알고리즘 문제 해결 전략 알고리즘 트레이닝 알고리즘 트레이닝 강도가 잘되나 강도가 잘되나 코스만 코스만 나갑니다 나갑니다 ","date":"Sat May 25 12:35:00 UTC 2019","members":"c1234 chan ","title":"19-05-25 머로 할까"},{"number":"2k799","content":"","date":"Sat May 25 17:18:14 UTC 2019","members":"c1234 ","title":"19_05_26"},{"number":"43bhp","content":"","date":"Sat May 25 16:14:28 UTC 2019","members":"c1234 ","title":"19_05_26"},{"number":"66dze","content":"녹음 시작합니다 인지 확인할 수 있나요 강조 북마크 다 잘됩니다 순하고 향기로운 섬유향수 알고리즘 문제 해결 전략 알고리즘 트레이닝 인공지능 현대적 접근방식 소프트웨어 공학은 너무 어렵다 데이터베이스 시스템은 점수가 잘 안나왔다 대명사 고유명사 일반명사 의존명사 모란 네이버 클로바 ","date":"Sat May 25 17:19:44 UTC 2019","members":"c1234 ","title":"19_05_26"},{"number":"8h5v2","content":"시작되나 시작 바이크 안개등 마이크가 안 됐던 거야 된다 됀다 블루 스택 10승 자료구조 마이크가 어디 있나 알고리즘 문제 해결 전략 c로 쓴 자료 구조론 소프트웨어 공학 가나다 라마바사 순하고 향기로운 섬유향수 김민정 서버에서 프로 산 후에 클라이언트에서도 크로스를 호출해 주어 정상적인 상태가 됩니다 unix network programming 2장에 보면 11개 tcp 상태 전이 그림이 나와 있습니다 참고하시면 될 것 같습니다 ","date":"Sat May 25 15:15:50 UTC 2019","members":"c1234 ","title":"19_05_26"},{"number":"g4coi","content":"주가 녹음 중입니까 과연 갤럭시 s9 스마트폰은 좋은 것 같다 생각보다 클로바는 잘 못 알아듣는다 구글 api는 비탈리 구글 api가 노숙을 했다 구글 api도 한번 써볼 걸 그랬다 아니 말한거는 뭐라고 말할까 코팅 다크 리 잘되고 버튼도 캐릭터 잘 되고 무영도 괜찮은 곳 이제 잘 시간입니다 파일 만든 것 팔봉면 구도 스타트로 105 파일 뽑는거에서 스타트랑 인데 제외하고 나머지 꽃들로 시간 출력 해 사면 될 것 같다 마크 데이터 짝수는 모르겠습니다 얼마나 나올지 궁금하다 중간에 들어오는 거 확인 중간에 들어온 거 확인해서 생각해보니까 ","date":"Sat May 25 17:49:45 UTC 2019","members":"c1234 ","title":"많이 말한 거"},{"number":"hj3h6","content":"가나다 라마바사 현재시간 현지시간 이상하게 나온다 키보드 키몰 키워드 키보드 키보드 가나다 라마바사 짝수만 선택했다 ","date":"Sat May 25 12:22:22 UTC 2019","members":"c1234 ","title":"19-05-25 회의제목을 멀로하지"},{"number":"n0340","content":"","date":"Sat May 25 17:04:16 UTC 2019","members":"c1234 ","title":"19_05_26"},{"number":"p5282","content":"","date":"Sat May 25 16:10:18 UTC 2019","members":"c1234 ","title":"19_05_26"},{"number":"pw2mk","content":"","date":"Sat May 25 15:13:19 UTC 2019","members":"c1234 ","title":"19_05_261234"},{"number":"q8z18","content":"도검 시작 합니다 토스트 만들기 나빼고 아구찜 등기부 등본 드럽게 못 알아들어 일기보다 라든요 코도모 드래곤 코도모 드래곤 목소리가 커도 못 알아들어 ","date":"Sat May 25 15:24:29 UTC 2019","members":"c1234 ","title":"19_05_26"}],"talkWithMe":"chan ","contributionData":[67.2,95.19999999999999,50.0]}
Elapsed Time: 0.023s
[FROM Client] TIME:Sat May 25 17:53:34 UTC 2019 TALKER: nicks MESSAGE: g4coi FUNC: 9 NUMBER: 
Elapsed Time: 0.22s
[FROM Client] TIME:Sat May 25 17:53:39 UTC 2019 TALKER: nicks MESSAGE: g4coi FUNC: 12 NUMBER: 
[REQUEST_RESULT] : g4coi
{"wordFrequency":{"구글":2,"짝수":1,"것":2,"꽃":1,"제외":1,"번":1,"중간":2,"비탈리":1,"구도":1,"나머지":1,"말":2,"출력":1,"사면":1,"뭐":1,"중":1,"스마트폰":1,"바":1,"데이터":1,"확인":2,"생각":2,"주가":1,"다크":1,"녹음":1,"스타트":2,"코팅":1,"파일":2,"리":1,"캐릭터":1,"갤럭시":1,"버튼":1,"시간":2,"거":2,"팔봉면":1,"클로":1,"곳":1,"마크":1,"노숙":1,"영도":1},"fiveKeyWord":{"시간":2,"말":2,"스타트":2,"확인":2,"중간":2},"contrib":{"c1234":1.0},"cont":[{"room":"g4coi","time":"Sat May 25 17:49:49 UTC 2019","msg":"주가","id":"c1234"},{"room":"g4coi","time":"Sat May 25 17:49:53 UTC 2019","msg":"녹음 중입니까","id":"c1234"},{"room":"g4coi","time":"Sat May 25 17:49:58 UTC 2019","msg":"과연","id":"c1234"},{"room":"g4coi","time":"Sat May 25 17:50:14 UTC 2019","msg":"갤럭시 s9","id":"c1234"},{"room":"g4coi","time":"Sat May 25 17:50:22 UTC 2019","msg":"스마트폰은 좋은 것 같다","id":"c1234"},{"room":"g4coi","time":"Sat May 25 17:50:27 UTC 2019","msg":"생각보다 클로바는 잘 못 알아듣는다","id":"c1234"},{"room":"g4coi","time":"Sat May 25 17:50:32 UTC 2019","msg":"구글 api는 비탈리","id":"c1234"},{"room":"g4coi","time":"Sat May 25 17:50:41 UTC 2019","msg":"구글 api가 노숙을 했다","id":"c1234"},{"room":"g4coi","time":"Sat May 25 17:50:47 UTC 2019","msg":"구글 api도 한번 써볼 걸 그랬다","id":"c1234"},{"room":"g4coi","time":"Sat May 25 17:50:54 UTC 2019","msg":"아니 말한거는 뭐라고 말할까","id":"c1234"},{"room":"g4coi","time":"Sat May 25 17:51:02 UTC 2019","msg":"코팅 다크 리 잘되고","id":"c1234"},{"room":"g4coi","time":"Sat May 25 17:51:07 UTC 2019","msg":"버튼도 캐릭터 잘 되고","id":"c1234"},{"room":"g4coi","time":"Sat May 25 17:51:13 UTC 2019","msg":"무영도 괜찮은 곳","id":"c1234"},{"room":"g4coi","time":"Sat May 25 17:51:20 UTC 2019","msg":"이제 잘 시간입니다","id":"c1234"},{"room":"g4coi","time":"Sat May 25 17:51:24 UTC 2019","msg":"파일 만든 것","id":"c1234"},{"room":"g4coi","time":"Sat May 25 17:51:31 UTC 2019","msg":"팔봉면 구도 스타트로 105","id":"c1234"},{"room":"g4coi","time":"Sat May 25 17:51:38 UTC 2019","msg":"파일 뽑는거에서 스타트랑 인데 제외하고","id":"c1234"},{"room":"g4coi","time":"Sat May 25 17:51:44 UTC 2019","msg":"나머지 꽃들로 시간 출력 해 사면 될 것 같다","id":"c1234"},{"room":"g4coi","time":"Sat May 25 17:51:51 UTC 2019","msg":"마크 데이터","id":"c1234"},{"room":"g4coi","time":"Sat May 25 17:51:59 UTC 2019","msg":"짝수는 모르겠습니다","id":"c1234"},{"room":"g4coi","time":"Sat May 25 17:52:10 UTC 2019","msg":"얼마나 나올지 궁금하다","id":"c1234"},{"room":"g4coi","time":"Sat May 25 17:52:15 UTC 2019","msg":"중간에 들어오는 거 확인","id":"c1234"},{"room":"g4coi","time":"Sat May 25 17:52:20 UTC 2019","msg":"중간에 들어온 거 확인해서 생각해보니까","id":"c1234"}],"markData":"01010101010101010101000"}
Elapsed Time: 0.01s
java.lang.NullPointerException
	at TCPServer$ServerHandler.run(TCPServer.java:196)
Socket Close
